2021-11-09 21:09:01,084 WARNING [teflo.teflo.__init__:199] Scenario workspace was not set, therefore the workspace is automatically assigned to the current working directory. You may experience problems if files needed by teflo do not exists in the scenario workspace.
2021-11-09 21:09:03,360 INFO [teflo.teflo._print_header:756] 

2021-11-09 21:09:03,361 INFO [teflo.teflo._print_header:757]                                TEFLO RUN (START)                               
2021-11-09 21:09:03,361 INFO [teflo.teflo._print_header:758] -------------------------------------------------------------------------------
2021-11-09 21:09:03,362 INFO [teflo.teflo._print_header:759]  * Data Folder           : .teflo/b0o75bb2q3
2021-11-09 21:09:03,362 INFO [teflo.teflo._print_header:760]  * Workspace             : /home/junqizhang/myWork/teflo_playground/test_remote
2021-11-09 21:09:03,363 INFO [teflo.teflo._print_header:761]  * Log Level             : debug
2021-11-09 21:09:03,364 INFO [teflo.teflo._print_header:762]  * Tasks                 : ['provision', 'orchestrate']
2021-11-09 21:09:03,364 INFO [teflo.teflo._print_header:763]  * Iterate Method        : by_level
2021-11-09 21:09:03,364 INFO [teflo.teflo._print_header:765]  * Scenario              : sdf from sdf_remote repo
2021-11-09 21:09:03,365 INFO [teflo.teflo._print_header:765]  * Scenario              : py3_include_provision
2021-11-09 21:09:03,365 INFO [teflo.teflo._print_header:765]  * Scenario              : sdf using remote include
2021-11-09 21:09:03,366 INFO [teflo.teflo._print_header:766] -------------------------------------------------------------------------------

2021-11-09 21:09:03,366 INFO [teflo.teflo.run_helper:503] ..................................................
2021-11-09 21:09:03,367 INFO [teflo.teflo.run_helper:504] [32m'sdf from sdf_remote repo' is running from the scenario file: sdf.yml[0m
2021-11-09 21:09:03,367 INFO [teflo.teflo.run_helper:506] ..................................................
2021-11-09 21:09:03,368 INFO [teflo.teflo.notify:615] Sending out any notifications that are registered.
2021-11-09 21:09:03,369 INFO [teflo.teflo._run_pipeline:702] ..................................................
2021-11-09 21:09:03,369 INFO [teflo.teflo._run_pipeline:703] Starting tasks on pipeline: notify
2021-11-09 21:09:03,370 WARNING [teflo.teflo._run_pipeline:707] ... no tasks to be executed ...
2021-11-09 21:09:03,371 INFO [teflo.teflo.run_helper:514]  * Task    : provision
2021-11-09 21:09:03,372 INFO [teflo.teflo._run_pipeline:702] ..................................................
2021-11-09 21:09:03,372 INFO [teflo.teflo._run_pipeline:703] Starting tasks on pipeline: provision
2021-11-09 21:09:03,373 INFO [blaster.blast.blastoff:201] --> Blaster v0.4.0 <--
2021-11-09 21:09:03,373 INFO [blaster.blast.blastoff:202] Task Execution: Concurrent
2021-11-09 21:09:03,378 INFO [blaster.blast.blastoff:213] Tasks:
2021-11-09 21:09:03,379 INFO [blaster.blast.blastoff:216] 1. Task     : REMOTE_include_provisioned_host
                                Class    : <class 'teflo.tasks.provision.ProvisionTask'>
                                Methods  : ['run']
2021-11-09 21:09:03,381 INFO [blaster.blast.blastoff:225] ** BLASTER BEGIN **
2021-11-09 21:09:03,382 DEBUG [blaster.blast.total_processes:189] Processor count: 1
2021-11-09 21:09:03,395 DEBUG [blaster.blast.run:56] Processing task: REMOTE_include_provisioned_host
2021-11-09 21:09:03,396 WARNING [teflo.tasks.provision.__init__:53] Asset REMOTE_include_provisioned_host is static, provision will be skipped.
2021-11-09 21:09:03,397 DEBUG [blaster.blast.run:74] Running method run
2021-11-09 21:09:03,399 INFO [blaster.blast.blastoff:278] ** BLASTER COMPLETE **
2021-11-09 21:09:03,400 INFO [blaster.blast.blastoff:279]     -> TOTAL DURATION: 0h:0m:0s
2021-11-09 21:09:03,401 INFO [teflo.teflo.run_helper:534] Populating inventory file with host(s) REMOTE_include_provisioned_host
2021-11-09 21:09:03,405 DEBUG [teflo.core.create_inventory:1560] Master inventory content
2021-11-09 21:09:03,406 DEBUG [teflo.core.log_inventory_content:1579] 
[localhost:children]
REMOTE_include_provisioned_host

[REMOTE_include_provisioned_host]
127.0.0.1

[REMOTE_include_provisioned_host:vars]
ansible_connection=local

2021-11-09 21:09:03,406 INFO [teflo.teflo.run_helper:542] ..................................................
2021-11-09 21:09:03,407 INFO [teflo.teflo.run_helper:514]  * Task    : orchestrate
2021-11-09 21:09:03,408 INFO [teflo.teflo._run_pipeline:702] ..................................................
2021-11-09 21:09:03,409 INFO [teflo.teflo._run_pipeline:703] Starting tasks on pipeline: orchestrate
2021-11-09 21:09:03,410 INFO [blaster.blast.blastoff:201] --> Blaster v0.4.0 <--
2021-11-09 21:09:03,411 INFO [blaster.blast.blastoff:202] Task Execution: Sequential
2021-11-09 21:09:03,412 INFO [blaster.blast.blastoff:213] Tasks:
2021-11-09 21:09:03,413 INFO [blaster.blast.blastoff:216] 1. Task     : 
                                Class    : <class 'teflo.tasks.orchestrate.OrchestrateTask'>
                                Methods  : ['run']
2021-11-09 21:09:03,413 INFO [blaster.blast.blastoff:225] ** BLASTER BEGIN **
2021-11-09 21:09:03,414 DEBUG [blaster.blast.run:56] Processing task: 
2021-11-09 21:09:03,415 DEBUG [blaster.blast.run:74] Running method run
2021-11-09 21:09:03,416 INFO [teflo.tasks.orchestrate.run:56]    running orchestration  for ['REMOTE_include_provisioned_host']
2021-11-09 21:09:03,421 INFO [teflo.orchestrators.ext.ansible_orchestrator_plugin.ansible_orchestrator_plugin.__playbook__:144] Executing playbook:
2021-11-09 21:09:03,422 INFO [teflo.ansible_helpers.build_run_options:357] Ansible options used: {}
2021-11-09 21:09:03,422 INFO [teflo.ansible_helpers.run_playbook:608] Executing playbook : /home/junqizhang/myWork/teflo_playground/test_remote/.teflo_libraries/remote1/playbook.yml
2021-11-09 21:09:03,437 INFO [teflo.helpers.can_connect:864] 127.0.0.1
2021-11-09 21:09:03,438 DEBUG [teflo.ansible_helpers.run_playbook:216] ansible-playbook -i /home/junqizhang/myWork/teflo_playground/test_remote/.teflo/.results/inventory /home/junqizhang/myWork/teflo_playground/test_remote/.teflo_libraries/remote1/playbook.yml -e hosts="'REMOTE_include_provisioned_host'" -e uuid="'x2fyq'" -e hello="'another_test'" -e "{'localhost': True}"  -vvv
2021-11-09 21:09:03,779 INFO [teflo.ansible_helpers.exec_local_cmd_pipe:568] ansible-playbook [core 2.11.6]
2021-11-09 21:09:03,779 INFO [teflo.ansible_helpers.exec_local_cmd_pipe:568] config file = None
2021-11-09 21:09:03,779 INFO [teflo.ansible_helpers.exec_local_cmd_pipe:568] configured module search path = ['/home/junqizhang/.ansible/plugins/modules', '/usr/share/ansible/plugins/modules']
2021-11-09 21:09:03,780 INFO [teflo.ansible_helpers.exec_local_cmd_pipe:568] ansible python module location = /home/junqizhang/.local/lib/python3.9/site-packages/ansible
2021-11-09 21:09:03,780 INFO [teflo.ansible_helpers.exec_local_cmd_pipe:568] ansible collection location = /home/junqizhang/.ansible/collections:/usr/share/ansible/collections
2021-11-09 21:09:03,780 INFO [teflo.ansible_helpers.exec_local_cmd_pipe:568] executable location = /home/junqizhang/.local/bin/ansible-playbook
2021-11-09 21:09:03,780 INFO [teflo.ansible_helpers.exec_local_cmd_pipe:568] python version = 3.9.7 (default, Aug 30 2021, 00:00:00) [GCC 11.2.1 20210728 (Red Hat 11.2.1-1)]
2021-11-09 21:09:03,780 INFO [teflo.ansible_helpers.exec_local_cmd_pipe:568] jinja version = 2.11.3
2021-11-09 21:09:03,780 INFO [teflo.ansible_helpers.exec_local_cmd_pipe:568] libyaml = True
2021-11-09 21:09:03,780 INFO [teflo.ansible_helpers.exec_local_cmd_pipe:568] No config file found; using defaults
2021-11-09 21:09:03,786 INFO [teflo.ansible_helpers.exec_local_cmd_pipe:568] host_list declined parsing /home/junqizhang/myWork/teflo_playground/test_remote/.teflo/.results/inventory/inventory-b0o75bb2q3 as it did not pass its verify_file() method
2021-11-09 21:09:03,787 INFO [teflo.ansible_helpers.exec_local_cmd_pipe:568] script declined parsing /home/junqizhang/myWork/teflo_playground/test_remote/.teflo/.results/inventory/inventory-b0o75bb2q3 as it did not pass its verify_file() method
2021-11-09 21:09:03,787 INFO [teflo.ansible_helpers.exec_local_cmd_pipe:568] auto declined parsing /home/junqizhang/myWork/teflo_playground/test_remote/.teflo/.results/inventory/inventory-b0o75bb2q3 as it did not pass its verify_file() method
2021-11-09 21:09:03,791 INFO [teflo.ansible_helpers.exec_local_cmd_pipe:568] Parsed /home/junqizhang/myWork/teflo_playground/test_remote/.teflo/.results/inventory/inventory-b0o75bb2q3 inventory source with ini plugin
2021-11-09 21:09:03,879 INFO [teflo.ansible_helpers.exec_local_cmd_pipe:568] Skipping callback 'default', as we already have a stdout callback.
2021-11-09 21:09:03,879 INFO [teflo.ansible_helpers.exec_local_cmd_pipe:568] Skipping callback 'minimal', as we already have a stdout callback.
2021-11-09 21:09:03,879 INFO [teflo.ansible_helpers.exec_local_cmd_pipe:568] Skipping callback 'oneline', as we already have a stdout callback.
2021-11-09 21:09:03,879 INFO [teflo.ansible_helpers.exec_local_cmd_pipe:568] 
2021-11-09 21:09:03,879 INFO [teflo.ansible_helpers.exec_local_cmd_pipe:568] PLAYBOOK: playbook.yml *********************************************************
2021-11-09 21:09:03,879 INFO [teflo.ansible_helpers.exec_local_cmd_pipe:568] 1 plays in /home/junqizhang/myWork/teflo_playground/test_remote/.teflo_libraries/remote1/playbook.yml
2021-11-09 21:09:03,882 INFO [teflo.ansible_helpers.exec_local_cmd_pipe:568] 
2021-11-09 21:09:03,883 INFO [teflo.ansible_helpers.exec_local_cmd_pipe:568] PLAY [REMOTE_include_provisioned_host] *****************************************
2021-11-09 21:09:03,895 INFO [teflo.ansible_helpers.exec_local_cmd_pipe:568] 
2021-11-09 21:09:03,895 INFO [teflo.ansible_helpers.exec_local_cmd_pipe:568] TASK [Gathering Facts] *********************************************************
2021-11-09 21:09:03,895 INFO [teflo.ansible_helpers.exec_local_cmd_pipe:568] task path: /home/junqizhang/myWork/teflo_playground/test_remote/.teflo_libraries/remote1/playbook.yml:2
2021-11-09 21:09:03,909 INFO [teflo.ansible_helpers.exec_local_cmd_pipe:568] <127.0.0.1> ESTABLISH LOCAL CONNECTION FOR USER: junqizhang
2021-11-09 21:09:03,909 INFO [teflo.ansible_helpers.exec_local_cmd_pipe:568] <127.0.0.1> EXEC /bin/sh -c 'echo ~junqizhang && sleep 0'
2021-11-09 21:09:03,915 INFO [teflo.ansible_helpers.exec_local_cmd_pipe:568] <127.0.0.1> EXEC /bin/sh -c '( umask 77 && mkdir -p "` echo /home/junqizhang/.ansible/tmp `"&& mkdir "` echo /home/junqizhang/.ansible/tmp/ansible-tmp-1636510143.9147632-1267603-93038895797152 `" && echo ansible-tmp-1636510143.9147632-1267603-93038895797152="` echo /home/junqizhang/.ansible/tmp/ansible-tmp-1636510143.9147632-1267603-93038895797152 `" ) && sleep 0'
2021-11-09 21:09:04,123 INFO [teflo.ansible_helpers.exec_local_cmd_pipe:568] <127.0.0.1> Attempting python interpreter discovery
2021-11-09 21:09:04,123 INFO [teflo.ansible_helpers.exec_local_cmd_pipe:568] <127.0.0.1> EXEC /bin/sh -c 'echo PLATFORM; uname; echo FOUND; command -v '"'"'/usr/bin/python'"'"'; command -v '"'"'python3.9'"'"'; command -v '"'"'python3.8'"'"'; command -v '"'"'python3.7'"'"'; command -v '"'"'python3.6'"'"'; command -v '"'"'python3.5'"'"'; command -v '"'"'python2.7'"'"'; command -v '"'"'python2.6'"'"'; command -v '"'"'/usr/libexec/platform-python'"'"'; command -v '"'"'/usr/bin/python3'"'"'; command -v '"'"'python'"'"'; echo ENDFOUND && sleep 0'
2021-11-09 21:09:04,131 INFO [teflo.ansible_helpers.exec_local_cmd_pipe:568] <127.0.0.1> EXEC /bin/sh -c '/usr/bin/python && sleep 0'
2021-11-09 21:09:04,177 INFO [teflo.ansible_helpers.exec_local_cmd_pipe:568] Using module file /home/junqizhang/.local/lib/python3.9/site-packages/ansible/modules/setup.py
2021-11-09 21:09:04,178 INFO [teflo.ansible_helpers.exec_local_cmd_pipe:568] <127.0.0.1> PUT /home/junqizhang/.ansible/tmp/ansible-local-1267598u6z1vsj4/tmpe40hhfle TO /home/junqizhang/.ansible/tmp/ansible-tmp-1636510143.9147632-1267603-93038895797152/AnsiballZ_setup.py
2021-11-09 21:09:04,179 INFO [teflo.ansible_helpers.exec_local_cmd_pipe:568] <127.0.0.1> EXEC /bin/sh -c 'chmod u+x /home/junqizhang/.ansible/tmp/ansible-tmp-1636510143.9147632-1267603-93038895797152/ /home/junqizhang/.ansible/tmp/ansible-tmp-1636510143.9147632-1267603-93038895797152/AnsiballZ_setup.py && sleep 0'
2021-11-09 21:09:04,192 INFO [teflo.ansible_helpers.exec_local_cmd_pipe:568] <127.0.0.1> EXEC /bin/sh -c '/usr/bin/python /home/junqizhang/.ansible/tmp/ansible-tmp-1636510143.9147632-1267603-93038895797152/AnsiballZ_setup.py && sleep 0'
2021-11-09 21:09:04,729 INFO [teflo.ansible_helpers.exec_local_cmd_pipe:568] <127.0.0.1> EXEC /bin/sh -c 'rm -f -r /home/junqizhang/.ansible/tmp/ansible-tmp-1636510143.9147632-1267603-93038895797152/ > /dev/null 2>&1 && sleep 0'
2021-11-09 21:09:04,754 INFO [teflo.ansible_helpers.exec_local_cmd_pipe:568] ok: [127.0.0.1]
2021-11-09 21:09:04,761 INFO [teflo.ansible_helpers.exec_local_cmd_pipe:568] META: ran handlers
2021-11-09 21:09:04,768 INFO [teflo.ansible_helpers.exec_local_cmd_pipe:568] 
2021-11-09 21:09:04,768 INFO [teflo.ansible_helpers.exec_local_cmd_pipe:568] TASK [remove an instance] ******************************************************
2021-11-09 21:09:04,768 INFO [teflo.ansible_helpers.exec_local_cmd_pipe:568] task path: /home/junqizhang/myWork/teflo_playground/test_remote/.teflo_libraries/remote1/playbook.yml:4
2021-11-09 21:09:04,785 INFO [teflo.ansible_helpers.exec_local_cmd_pipe:568] ok: [127.0.0.1] => {
2021-11-09 21:09:04,785 INFO [teflo.ansible_helpers.exec_local_cmd_pipe:568] "msg": "another_test"
2021-11-09 21:09:04,785 INFO [teflo.ansible_helpers.exec_local_cmd_pipe:568] }
2021-11-09 21:09:04,795 INFO [teflo.ansible_helpers.exec_local_cmd_pipe:568] META: ran handlers
2021-11-09 21:09:04,802 INFO [teflo.ansible_helpers.exec_local_cmd_pipe:568] META: ran handlers
2021-11-09 21:09:04,803 INFO [teflo.ansible_helpers.exec_local_cmd_pipe:568] 
2021-11-09 21:09:04,804 INFO [teflo.ansible_helpers.exec_local_cmd_pipe:568] PLAY RECAP *********************************************************************
2021-11-09 21:09:04,804 INFO [teflo.ansible_helpers.exec_local_cmd_pipe:568] 127.0.0.1                  : ok=2    changed=0    unreachable=0    failed=0    skipped=0    rescued=0    ignored=0
2021-11-09 21:09:04,804 INFO [teflo.ansible_helpers.exec_local_cmd_pipe:568] 
2021-11-09 21:09:04,885 INFO [teflo.orchestrators.ext.ansible_orchestrator_plugin.ansible_orchestrator_plugin.__playbook__:153] Successfully completed playbook : /home/junqizhang/myWork/teflo_playground/test_remote/.teflo_libraries/remote1/playbook.yml
2021-11-09 21:09:04,886 DEBUG [teflo.orchestrators.ext.ansible_orchestrator_plugin.ansible_orchestrator_plugin.run:206] Successful completion of orchestrate task  with return value 0
2021-11-09 21:09:04,961 DEBUG [teflo.ansible_helpers.alog_update:566] The ansible log file being used is : None
2021-11-09 21:09:04,962 INFO [teflo.orchestrators.action_orchestrator.run:86] Orchestration passed : Successfully completed orchestrate action: .
2021-11-09 21:09:04,963 INFO [blaster.blast.blastoff:278] ** BLASTER COMPLETE **
2021-11-09 21:09:04,963 INFO [blaster.blast.blastoff:279]     -> TOTAL DURATION: 0h:0m:1s
2021-11-09 21:09:04,965 INFO [teflo.teflo.run_helper:542] ..................................................
2021-11-09 21:09:04,965 INFO [teflo.teflo.notify:615] Sending out any notifications that are registered.
2021-11-09 21:09:04,967 INFO [teflo.teflo._run_pipeline:702] ..................................................
2021-11-09 21:09:04,967 INFO [teflo.teflo._run_pipeline:703] Starting tasks on pipeline: notify
2021-11-09 21:09:04,968 WARNING [teflo.teflo._run_pipeline:707] ... no tasks to be executed ...
2021-11-09 21:09:04,969 INFO [teflo.teflo.run_helper:503] ..................................................
2021-11-09 21:09:04,970 INFO [teflo.teflo.run_helper:504] [32m'py3_include_provision' is running from the scenario file: sdf_remote.yml[0m
2021-11-09 21:09:04,971 INFO [teflo.teflo.run_helper:506] ..................................................
2021-11-09 21:09:04,972 INFO [teflo.teflo.notify:615] Sending out any notifications that are registered.
2021-11-09 21:09:04,973 INFO [teflo.teflo._run_pipeline:702] ..................................................
2021-11-09 21:09:04,974 INFO [teflo.teflo._run_pipeline:703] Starting tasks on pipeline: notify
2021-11-09 21:09:04,975 WARNING [teflo.teflo._run_pipeline:707] ... no tasks to be executed ...
2021-11-09 21:09:04,976 INFO [teflo.teflo.run_helper:514]  * Task    : provision
2021-11-09 21:09:04,977 INFO [teflo.teflo._run_pipeline:702] ..................................................
2021-11-09 21:09:04,978 INFO [teflo.teflo._run_pipeline:703] Starting tasks on pipeline: provision
2021-11-09 21:09:04,979 INFO [blaster.blast.blastoff:201] --> Blaster v0.4.0 <--
2021-11-09 21:09:04,980 INFO [blaster.blast.blastoff:202] Task Execution: Concurrent
2021-11-09 21:09:04,981 INFO [blaster.blast.blastoff:213] Tasks:
2021-11-09 21:09:04,982 INFO [blaster.blast.blastoff:216] 1. Task     : hello_im_remote_lib_provisioned_host
                                Class    : <class 'teflo.tasks.provision.ProvisionTask'>
                                Methods  : ['run']
2021-11-09 21:09:04,983 INFO [blaster.blast.blastoff:225] ** BLASTER BEGIN **
2021-11-09 21:09:04,984 DEBUG [blaster.blast.total_processes:189] Processor count: 1
2021-11-09 21:09:04,993 DEBUG [blaster.blast.run:56] Processing task: hello_im_remote_lib_provisioned_host
2021-11-09 21:09:04,994 WARNING [teflo.tasks.provision.__init__:53] Asset hello_im_remote_lib_provisioned_host is static, provision will be skipped.
2021-11-09 21:09:04,995 DEBUG [blaster.blast.run:74] Running method run
2021-11-09 21:09:04,998 INFO [blaster.blast.blastoff:278] ** BLASTER COMPLETE **
2021-11-09 21:09:04,998 INFO [blaster.blast.blastoff:279]     -> TOTAL DURATION: 0h:0m:0s
2021-11-09 21:09:04,999 INFO [teflo.teflo.run_helper:534] Populating inventory file with host(s) hello_im_remote_lib_provisioned_host
2021-11-09 21:09:05,002 DEBUG [teflo.core.create_inventory:1560] Master inventory content
2021-11-09 21:09:05,003 DEBUG [teflo.core.log_inventory_content:1579] 
[localhost:children]
REMOTE_include_provisioned_host
hello_im_remote_lib_provisioned_host

[REMOTE_include_provisioned_host]
127.0.0.1

[REMOTE_include_provisioned_host:vars]
ansible_connection=local

[hello_im_remote_lib_provisioned_host]
127.0.0.1

[hello_im_remote_lib_provisioned_host:vars]
ansible_connection=local

2021-11-09 21:09:05,004 INFO [teflo.teflo.run_helper:542] ..................................................
2021-11-09 21:09:05,005 INFO [teflo.teflo.run_helper:514]  * Task    : orchestrate
2021-11-09 21:09:05,006 INFO [teflo.teflo._run_pipeline:702] ..................................................
2021-11-09 21:09:05,007 INFO [teflo.teflo._run_pipeline:703] Starting tasks on pipeline: orchestrate
2021-11-09 21:09:05,007 INFO [blaster.blast.blastoff:201] --> Blaster v0.4.0 <--
2021-11-09 21:09:05,008 INFO [blaster.blast.blastoff:202] Task Execution: Sequential
2021-11-09 21:09:05,009 INFO [blaster.blast.blastoff:213] Tasks:
2021-11-09 21:09:05,010 INFO [blaster.blast.blastoff:216] 1. Task     : This is an orchestrate fromsdf_remote
                                Class    : <class 'teflo.tasks.orchestrate.OrchestrateTask'>
                                Methods  : ['run']
2021-11-09 21:09:05,011 INFO [blaster.blast.blastoff:225] ** BLASTER BEGIN **
2021-11-09 21:09:05,012 DEBUG [blaster.blast.run:56] Processing task: This is an orchestrate fromsdf_remote
2021-11-09 21:09:05,013 DEBUG [blaster.blast.run:74] Running method run
2021-11-09 21:09:05,014 INFO [teflo.tasks.orchestrate.run:56]    running orchestration This is an orchestrate fromsdf_remote for ['hello_im_remote_lib_provisioned_host']
2021-11-09 21:09:05,014 INFO [teflo.orchestrators.ext.ansible_orchestrator_plugin.ansible_orchestrator_plugin.__script__:156] Executing script:
2021-11-09 21:09:05,015 INFO [teflo.ansible_helpers.run_script_playbook:756] Executing script test.sh:
2021-11-09 21:09:05,015 INFO [teflo.ansible_helpers.build_run_options:357] Ansible options used: {}
2021-11-09 21:09:05,030 INFO [teflo.ansible_helpers.run_playbook:608] Executing playbook : cbn_execute_script_e321v.yml
2021-11-09 21:09:05,033 INFO [teflo.helpers.can_connect:864] 127.0.0.1
2021-11-09 21:09:05,033 DEBUG [teflo.ansible_helpers.run_playbook:216] ansible-playbook -i /home/junqizhang/myWork/teflo_playground/test_remote/.teflo/.results/inventory cbn_execute_script_e321v.yml -e hosts="'hello_im_remote_lib_provisioned_host'" -e uuid="'e321v'" -e "{'localhost': True}"  -e xscript="'test.sh'" -vvv
2021-11-09 21:09:05,371 INFO [teflo.ansible_helpers.exec_local_cmd_pipe:568] ansible-playbook [core 2.11.6]
2021-11-09 21:09:05,371 INFO [teflo.ansible_helpers.exec_local_cmd_pipe:568] config file = None
2021-11-09 21:09:05,371 INFO [teflo.ansible_helpers.exec_local_cmd_pipe:568] configured module search path = ['/home/junqizhang/.ansible/plugins/modules', '/usr/share/ansible/plugins/modules']
2021-11-09 21:09:05,372 INFO [teflo.ansible_helpers.exec_local_cmd_pipe:568] ansible python module location = /home/junqizhang/.local/lib/python3.9/site-packages/ansible
2021-11-09 21:09:05,372 INFO [teflo.ansible_helpers.exec_local_cmd_pipe:568] ansible collection location = /home/junqizhang/.ansible/collections:/usr/share/ansible/collections
2021-11-09 21:09:05,372 INFO [teflo.ansible_helpers.exec_local_cmd_pipe:568] executable location = /home/junqizhang/.local/bin/ansible-playbook
2021-11-09 21:09:05,372 INFO [teflo.ansible_helpers.exec_local_cmd_pipe:568] python version = 3.9.7 (default, Aug 30 2021, 00:00:00) [GCC 11.2.1 20210728 (Red Hat 11.2.1-1)]
2021-11-09 21:09:05,372 INFO [teflo.ansible_helpers.exec_local_cmd_pipe:568] jinja version = 2.11.3
2021-11-09 21:09:05,372 INFO [teflo.ansible_helpers.exec_local_cmd_pipe:568] libyaml = True
2021-11-09 21:09:05,372 INFO [teflo.ansible_helpers.exec_local_cmd_pipe:568] No config file found; using defaults
2021-11-09 21:09:05,378 INFO [teflo.ansible_helpers.exec_local_cmd_pipe:568] host_list declined parsing /home/junqizhang/myWork/teflo_playground/test_remote/.teflo/.results/inventory/inventory-b0o75bb2q3 as it did not pass its verify_file() method
2021-11-09 21:09:05,378 INFO [teflo.ansible_helpers.exec_local_cmd_pipe:568] script declined parsing /home/junqizhang/myWork/teflo_playground/test_remote/.teflo/.results/inventory/inventory-b0o75bb2q3 as it did not pass its verify_file() method
2021-11-09 21:09:05,378 INFO [teflo.ansible_helpers.exec_local_cmd_pipe:568] auto declined parsing /home/junqizhang/myWork/teflo_playground/test_remote/.teflo/.results/inventory/inventory-b0o75bb2q3 as it did not pass its verify_file() method
2021-11-09 21:09:05,380 INFO [teflo.ansible_helpers.exec_local_cmd_pipe:568] Parsed /home/junqizhang/myWork/teflo_playground/test_remote/.teflo/.results/inventory/inventory-b0o75bb2q3 inventory source with ini plugin
2021-11-09 21:09:05,464 INFO [teflo.ansible_helpers.exec_local_cmd_pipe:568] Skipping callback 'default', as we already have a stdout callback.
2021-11-09 21:09:05,464 INFO [teflo.ansible_helpers.exec_local_cmd_pipe:568] Skipping callback 'minimal', as we already have a stdout callback.
2021-11-09 21:09:05,464 INFO [teflo.ansible_helpers.exec_local_cmd_pipe:568] Skipping callback 'oneline', as we already have a stdout callback.
2021-11-09 21:09:05,464 INFO [teflo.ansible_helpers.exec_local_cmd_pipe:568] 
2021-11-09 21:09:05,464 INFO [teflo.ansible_helpers.exec_local_cmd_pipe:568] PLAYBOOK: cbn_execute_script_e321v.yml *****************************************
2021-11-09 21:09:05,465 INFO [teflo.ansible_helpers.exec_local_cmd_pipe:568] 1 plays in cbn_execute_script_e321v.yml
2021-11-09 21:09:05,467 INFO [teflo.ansible_helpers.exec_local_cmd_pipe:568] 
2021-11-09 21:09:05,468 INFO [teflo.ansible_helpers.exec_local_cmd_pipe:568] PLAY [run script and fetch results] ********************************************
2021-11-09 21:09:05,481 INFO [teflo.ansible_helpers.exec_local_cmd_pipe:568] 
2021-11-09 21:09:05,482 INFO [teflo.ansible_helpers.exec_local_cmd_pipe:568] TASK [Gathering Facts] *********************************************************
2021-11-09 21:09:05,482 INFO [teflo.ansible_helpers.exec_local_cmd_pipe:568] task path: /home/junqizhang/myWork/teflo_playground/test_remote/cbn_execute_script_e321v.yml:1
2021-11-09 21:09:05,497 INFO [teflo.ansible_helpers.exec_local_cmd_pipe:568] <127.0.0.1> ESTABLISH LOCAL CONNECTION FOR USER: junqizhang
2021-11-09 21:09:05,497 INFO [teflo.ansible_helpers.exec_local_cmd_pipe:568] <127.0.0.1> EXEC /bin/sh -c 'echo ~junqizhang && sleep 0'
2021-11-09 21:09:05,504 INFO [teflo.ansible_helpers.exec_local_cmd_pipe:568] <127.0.0.1> EXEC /bin/sh -c '( umask 77 && mkdir -p "` echo /home/junqizhang/.ansible/tmp `"&& mkdir "` echo /home/junqizhang/.ansible/tmp/ansible-tmp-1636510145.5032969-1267689-83536048332046 `" && echo ansible-tmp-1636510145.5032969-1267689-83536048332046="` echo /home/junqizhang/.ansible/tmp/ansible-tmp-1636510145.5032969-1267689-83536048332046 `" ) && sleep 0'
2021-11-09 21:09:05,725 INFO [teflo.ansible_helpers.exec_local_cmd_pipe:568] <127.0.0.1> Attempting python interpreter discovery
2021-11-09 21:09:05,725 INFO [teflo.ansible_helpers.exec_local_cmd_pipe:568] <127.0.0.1> EXEC /bin/sh -c 'echo PLATFORM; uname; echo FOUND; command -v '"'"'/usr/bin/python'"'"'; command -v '"'"'python3.9'"'"'; command -v '"'"'python3.8'"'"'; command -v '"'"'python3.7'"'"'; command -v '"'"'python3.6'"'"'; command -v '"'"'python3.5'"'"'; command -v '"'"'python2.7'"'"'; command -v '"'"'python2.6'"'"'; command -v '"'"'/usr/libexec/platform-python'"'"'; command -v '"'"'/usr/bin/python3'"'"'; command -v '"'"'python'"'"'; echo ENDFOUND && sleep 0'
2021-11-09 21:09:05,733 INFO [teflo.ansible_helpers.exec_local_cmd_pipe:568] <127.0.0.1> EXEC /bin/sh -c '/usr/bin/python && sleep 0'
2021-11-09 21:09:05,784 INFO [teflo.ansible_helpers.exec_local_cmd_pipe:568] Using module file /home/junqizhang/.local/lib/python3.9/site-packages/ansible/modules/setup.py
2021-11-09 21:09:05,785 INFO [teflo.ansible_helpers.exec_local_cmd_pipe:568] <127.0.0.1> PUT /home/junqizhang/.ansible/tmp/ansible-local-1267685kexo_lfa/tmpy3v8l7_4 TO /home/junqizhang/.ansible/tmp/ansible-tmp-1636510145.5032969-1267689-83536048332046/AnsiballZ_setup.py
2021-11-09 21:09:05,785 INFO [teflo.ansible_helpers.exec_local_cmd_pipe:568] <127.0.0.1> EXEC /bin/sh -c 'chmod u+x /home/junqizhang/.ansible/tmp/ansible-tmp-1636510145.5032969-1267689-83536048332046/ /home/junqizhang/.ansible/tmp/ansible-tmp-1636510145.5032969-1267689-83536048332046/AnsiballZ_setup.py && sleep 0'
2021-11-09 21:09:05,793 INFO [teflo.ansible_helpers.exec_local_cmd_pipe:568] <127.0.0.1> EXEC /bin/sh -c '/usr/bin/python /home/junqizhang/.ansible/tmp/ansible-tmp-1636510145.5032969-1267689-83536048332046/AnsiballZ_setup.py && sleep 0'
2021-11-09 21:09:06,389 INFO [teflo.ansible_helpers.exec_local_cmd_pipe:568] <127.0.0.1> EXEC /bin/sh -c 'rm -f -r /home/junqizhang/.ansible/tmp/ansible-tmp-1636510145.5032969-1267689-83536048332046/ > /dev/null 2>&1 && sleep 0'
2021-11-09 21:09:06,412 INFO [teflo.ansible_helpers.exec_local_cmd_pipe:568] ok: [127.0.0.1]
2021-11-09 21:09:06,423 INFO [teflo.ansible_helpers.exec_local_cmd_pipe:568] META: ran handlers
2021-11-09 21:09:06,435 INFO [teflo.ansible_helpers.exec_local_cmd_pipe:568] 
2021-11-09 21:09:06,435 INFO [teflo.ansible_helpers.exec_local_cmd_pipe:568] TASK [script command] **********************************************************
2021-11-09 21:09:06,435 INFO [teflo.ansible_helpers.exec_local_cmd_pipe:568] task path: /home/junqizhang/myWork/teflo_playground/test_remote/cbn_execute_script_e321v.yml:5
2021-11-09 21:09:06,447 INFO [teflo.ansible_helpers.exec_local_cmd_pipe:568] <127.0.0.1> ESTABLISH LOCAL CONNECTION FOR USER: junqizhang
2021-11-09 21:09:06,447 INFO [teflo.ansible_helpers.exec_local_cmd_pipe:568] <127.0.0.1> EXEC /bin/sh -c 'echo ~junqizhang && sleep 0'
2021-11-09 21:09:06,453 INFO [teflo.ansible_helpers.exec_local_cmd_pipe:568] <127.0.0.1> EXEC /bin/sh -c '( umask 77 && mkdir -p "` echo /home/junqizhang/.ansible/tmp `"&& mkdir "` echo /home/junqizhang/.ansible/tmp/ansible-tmp-1636510146.4527514-1267765-238356826316866 `" && echo ansible-tmp-1636510146.4527514-1267765-238356826316866="` echo /home/junqizhang/.ansible/tmp/ansible-tmp-1636510146.4527514-1267765-238356826316866 `" ) && sleep 0'
2021-11-09 21:09:06,470 INFO [teflo.ansible_helpers.exec_local_cmd_pipe:568] <127.0.0.1> PUT /home/junqizhang/myWork/teflo_playground/test_remote/test.sh TO /home/junqizhang/.ansible/tmp/ansible-tmp-1636510146.4527514-1267765-238356826316866/test.sh
2021-11-09 21:09:06,471 INFO [teflo.ansible_helpers.exec_local_cmd_pipe:568] <127.0.0.1> EXEC /bin/sh -c 'chmod u+x /home/junqizhang/.ansible/tmp/ansible-tmp-1636510146.4527514-1267765-238356826316866/ /home/junqizhang/.ansible/tmp/ansible-tmp-1636510146.4527514-1267765-238356826316866/test.sh && sleep 0'
2021-11-09 21:09:06,481 INFO [teflo.ansible_helpers.exec_local_cmd_pipe:568] <127.0.0.1> EXEC /bin/sh -c ' /home/junqizhang/.ansible/tmp/ansible-tmp-1636510146.4527514-1267765-238356826316866/test.sh && sleep 0'
2021-11-09 21:09:06,489 INFO [teflo.ansible_helpers.exec_local_cmd_pipe:568] <127.0.0.1> EXEC /bin/sh -c 'rm -f -r /home/junqizhang/.ansible/tmp/ansible-tmp-1636510146.4527514-1267765-238356826316866/ > /dev/null 2>&1 && sleep 0'
2021-11-09 21:09:06,505 INFO [teflo.ansible_helpers.exec_local_cmd_pipe:568] changed: [127.0.0.1] => {
2021-11-09 21:09:06,506 INFO [teflo.ansible_helpers.exec_local_cmd_pipe:568] "changed": true,
2021-11-09 21:09:06,506 INFO [teflo.ansible_helpers.exec_local_cmd_pipe:568] "rc": 0,
2021-11-09 21:09:06,506 INFO [teflo.ansible_helpers.exec_local_cmd_pipe:568] "stderr": "",
2021-11-09 21:09:06,506 INFO [teflo.ansible_helpers.exec_local_cmd_pipe:568] "stderr_lines": [],
2021-11-09 21:09:06,506 INFO [teflo.ansible_helpers.exec_local_cmd_pipe:568] "stdout": "this is from shell script\n",
2021-11-09 21:09:06,507 INFO [teflo.ansible_helpers.exec_local_cmd_pipe:568] "stdout_lines": [
2021-11-09 21:09:06,507 INFO [teflo.ansible_helpers.exec_local_cmd_pipe:568] "this is from shell script"
2021-11-09 21:09:06,507 INFO [teflo.ansible_helpers.exec_local_cmd_pipe:568] ]
2021-11-09 21:09:06,507 INFO [teflo.ansible_helpers.exec_local_cmd_pipe:568] }
2021-11-09 21:09:06,517 INFO [teflo.ansible_helpers.exec_local_cmd_pipe:568] 
2021-11-09 21:09:06,517 INFO [teflo.ansible_helpers.exec_local_cmd_pipe:568] TASK [to get correct (stderr/stdout/msg) output msg] ***************************
2021-11-09 21:09:06,517 INFO [teflo.ansible_helpers.exec_local_cmd_pipe:568] task path: /home/junqizhang/myWork/teflo_playground/test_remote/cbn_execute_script_e321v.yml:11
2021-11-09 21:09:06,551 INFO [teflo.ansible_helpers.exec_local_cmd_pipe:568] ok: [127.0.0.1] => {
2021-11-09 21:09:06,551 INFO [teflo.ansible_helpers.exec_local_cmd_pipe:568] "ansible_facts": {
2021-11-09 21:09:06,552 INFO [teflo.ansible_helpers.exec_local_cmd_pipe:568] "scrpt_out": ""
2021-11-09 21:09:06,552 INFO [teflo.ansible_helpers.exec_local_cmd_pipe:568] },
2021-11-09 21:09:06,552 INFO [teflo.ansible_helpers.exec_local_cmd_pipe:568] "changed": false
2021-11-09 21:09:06,552 INFO [teflo.ansible_helpers.exec_local_cmd_pipe:568] }
2021-11-09 21:09:06,562 INFO [teflo.ansible_helpers.exec_local_cmd_pipe:568] 
2021-11-09 21:09:06,562 INFO [teflo.ansible_helpers.exec_local_cmd_pipe:568] TASK [setting json str] ********************************************************
2021-11-09 21:09:06,562 INFO [teflo.ansible_helpers.exec_local_cmd_pipe:568] task path: /home/junqizhang/myWork/teflo_playground/test_remote/cbn_execute_script_e321v.yml:16
2021-11-09 21:09:06,602 INFO [teflo.ansible_helpers.exec_local_cmd_pipe:568] ok: [127.0.0.1] => {
2021-11-09 21:09:06,603 INFO [teflo.ansible_helpers.exec_local_cmd_pipe:568] "ansible_facts": {
2021-11-09 21:09:06,603 INFO [teflo.ansible_helpers.exec_local_cmd_pipe:568] "json_str": {
2021-11-09 21:09:06,603 INFO [teflo.ansible_helpers.exec_local_cmd_pipe:568] "err": "",
2021-11-09 21:09:06,603 INFO [teflo.ansible_helpers.exec_local_cmd_pipe:568] "host_name": "junqi",
2021-11-09 21:09:06,603 INFO [teflo.ansible_helpers.exec_local_cmd_pipe:568] "rc": "0"
2021-11-09 21:09:06,603 INFO [teflo.ansible_helpers.exec_local_cmd_pipe:568] }
2021-11-09 21:09:06,603 INFO [teflo.ansible_helpers.exec_local_cmd_pipe:568] },
2021-11-09 21:09:06,603 INFO [teflo.ansible_helpers.exec_local_cmd_pipe:568] "changed": false
2021-11-09 21:09:06,603 INFO [teflo.ansible_helpers.exec_local_cmd_pipe:568] }
2021-11-09 21:09:06,617 INFO [teflo.ansible_helpers.exec_local_cmd_pipe:568] 
2021-11-09 21:09:06,617 INFO [teflo.ansible_helpers.exec_local_cmd_pipe:568] TASK [copy to shell results to a json file] ************************************
2021-11-09 21:09:06,617 INFO [teflo.ansible_helpers.exec_local_cmd_pipe:568] task path: /home/junqizhang/myWork/teflo_playground/test_remote/cbn_execute_script_e321v.yml:21
2021-11-09 21:09:06,656 INFO [teflo.ansible_helpers.exec_local_cmd_pipe:568] <localhost> ESTABLISH LOCAL CONNECTION FOR USER: junqizhang
2021-11-09 21:09:06,657 INFO [teflo.ansible_helpers.exec_local_cmd_pipe:568] <localhost> EXEC /bin/sh -c 'echo ~junqizhang && sleep 0'
2021-11-09 21:09:06,667 INFO [teflo.ansible_helpers.exec_local_cmd_pipe:568] <localhost> EXEC /bin/sh -c '( umask 77 && mkdir -p "` echo /home/junqizhang/.ansible/tmp `"&& mkdir "` echo /home/junqizhang/.ansible/tmp/ansible-tmp-1636510146.6665244-1267785-254950638957862 `" && echo ansible-tmp-1636510146.6665244-1267785-254950638957862="` echo /home/junqizhang/.ansible/tmp/ansible-tmp-1636510146.6665244-1267785-254950638957862 `" ) && sleep 0'
2021-11-09 21:09:06,796 INFO [teflo.ansible_helpers.exec_local_cmd_pipe:568] Using module file /home/junqizhang/.local/lib/python3.9/site-packages/ansible/modules/stat.py
2021-11-09 21:09:06,796 INFO [teflo.ansible_helpers.exec_local_cmd_pipe:568] <localhost> PUT /home/junqizhang/.ansible/tmp/ansible-local-1267685kexo_lfa/tmpl9dthcwp TO /home/junqizhang/.ansible/tmp/ansible-tmp-1636510146.6665244-1267785-254950638957862/AnsiballZ_stat.py
2021-11-09 21:09:06,797 INFO [teflo.ansible_helpers.exec_local_cmd_pipe:568] <localhost> EXEC /bin/sh -c 'chmod u+x /home/junqizhang/.ansible/tmp/ansible-tmp-1636510146.6665244-1267785-254950638957862/ /home/junqizhang/.ansible/tmp/ansible-tmp-1636510146.6665244-1267785-254950638957862/AnsiballZ_stat.py && sleep 0'
2021-11-09 21:09:06,805 INFO [teflo.ansible_helpers.exec_local_cmd_pipe:568] <localhost> EXEC /bin/sh -c '/usr/bin/python /home/junqizhang/.ansible/tmp/ansible-tmp-1636510146.6665244-1267785-254950638957862/AnsiballZ_stat.py && sleep 0'
2021-11-09 21:09:06,941 INFO [teflo.ansible_helpers.exec_local_cmd_pipe:568] <localhost> PUT /home/junqizhang/.ansible/tmp/ansible-local-1267685kexo_lfa/tmpt3serkm5 TO /home/junqizhang/.ansible/tmp/ansible-tmp-1636510146.6665244-1267785-254950638957862/source
2021-11-09 21:09:06,942 INFO [teflo.ansible_helpers.exec_local_cmd_pipe:568] <localhost> EXEC /bin/sh -c 'chmod u+x /home/junqizhang/.ansible/tmp/ansible-tmp-1636510146.6665244-1267785-254950638957862/ /home/junqizhang/.ansible/tmp/ansible-tmp-1636510146.6665244-1267785-254950638957862/source && sleep 0'
2021-11-09 21:09:07,078 INFO [teflo.ansible_helpers.exec_local_cmd_pipe:568] Using module file /home/junqizhang/.local/lib/python3.9/site-packages/ansible/modules/copy.py
2021-11-09 21:09:07,078 INFO [teflo.ansible_helpers.exec_local_cmd_pipe:568] <localhost> PUT /home/junqizhang/.ansible/tmp/ansible-local-1267685kexo_lfa/tmpv2z8lyk8 TO /home/junqizhang/.ansible/tmp/ansible-tmp-1636510146.6665244-1267785-254950638957862/AnsiballZ_copy.py
2021-11-09 21:09:07,079 INFO [teflo.ansible_helpers.exec_local_cmd_pipe:568] <localhost> EXEC /bin/sh -c 'chmod u+x /home/junqizhang/.ansible/tmp/ansible-tmp-1636510146.6665244-1267785-254950638957862/ /home/junqizhang/.ansible/tmp/ansible-tmp-1636510146.6665244-1267785-254950638957862/AnsiballZ_copy.py && sleep 0'
2021-11-09 21:09:07,088 INFO [teflo.ansible_helpers.exec_local_cmd_pipe:568] <localhost> EXEC /bin/sh -c '/usr/bin/python /home/junqizhang/.ansible/tmp/ansible-tmp-1636510146.6665244-1267785-254950638957862/AnsiballZ_copy.py && sleep 0'
2021-11-09 21:09:07,231 INFO [teflo.ansible_helpers.exec_local_cmd_pipe:568] <localhost> EXEC /bin/sh -c 'rm -f -r /home/junqizhang/.ansible/tmp/ansible-tmp-1636510146.6665244-1267785-254950638957862/ > /dev/null 2>&1 && sleep 0'
2021-11-09 21:09:07,242 INFO [teflo.ansible_helpers.exec_local_cmd_pipe:568] changed: [127.0.0.1 -> localhost] => {
2021-11-09 21:09:07,242 INFO [teflo.ansible_helpers.exec_local_cmd_pipe:568] "changed": true,
2021-11-09 21:09:07,243 INFO [teflo.ansible_helpers.exec_local_cmd_pipe:568] "checksum": "b110a1649353a47faea2bf745de8b9614d1168a5",
2021-11-09 21:09:07,243 INFO [teflo.ansible_helpers.exec_local_cmd_pipe:568] "dest": "./script-results-e321v.json",
2021-11-09 21:09:07,243 INFO [teflo.ansible_helpers.exec_local_cmd_pipe:568] "diff": [],
2021-11-09 21:09:07,243 INFO [teflo.ansible_helpers.exec_local_cmd_pipe:568] "gid": 1000,
2021-11-09 21:09:07,243 INFO [teflo.ansible_helpers.exec_local_cmd_pipe:568] "group": "junqizhang",
2021-11-09 21:09:07,243 INFO [teflo.ansible_helpers.exec_local_cmd_pipe:568] "invocation": {
2021-11-09 21:09:07,243 INFO [teflo.ansible_helpers.exec_local_cmd_pipe:568] "module_args": {
2021-11-09 21:09:07,243 INFO [teflo.ansible_helpers.exec_local_cmd_pipe:568] "_original_basename": "tmpt3serkm5",
2021-11-09 21:09:07,243 INFO [teflo.ansible_helpers.exec_local_cmd_pipe:568] "attributes": null,
2021-11-09 21:09:07,244 INFO [teflo.ansible_helpers.exec_local_cmd_pipe:568] "backup": false,
2021-11-09 21:09:07,244 INFO [teflo.ansible_helpers.exec_local_cmd_pipe:568] "checksum": "b110a1649353a47faea2bf745de8b9614d1168a5",
2021-11-09 21:09:07,244 INFO [teflo.ansible_helpers.exec_local_cmd_pipe:568] "content": null,
2021-11-09 21:09:07,244 INFO [teflo.ansible_helpers.exec_local_cmd_pipe:568] "dest": "./script-results-e321v.json",
2021-11-09 21:09:07,244 INFO [teflo.ansible_helpers.exec_local_cmd_pipe:568] "directory_mode": null,
2021-11-09 21:09:07,244 INFO [teflo.ansible_helpers.exec_local_cmd_pipe:568] "follow": false,
2021-11-09 21:09:07,244 INFO [teflo.ansible_helpers.exec_local_cmd_pipe:568] "force": true,
2021-11-09 21:09:07,244 INFO [teflo.ansible_helpers.exec_local_cmd_pipe:568] "group": null,
2021-11-09 21:09:07,244 INFO [teflo.ansible_helpers.exec_local_cmd_pipe:568] "local_follow": null,
2021-11-09 21:09:07,244 INFO [teflo.ansible_helpers.exec_local_cmd_pipe:568] "mode": null,
2021-11-09 21:09:07,244 INFO [teflo.ansible_helpers.exec_local_cmd_pipe:568] "owner": null,
2021-11-09 21:09:07,245 INFO [teflo.ansible_helpers.exec_local_cmd_pipe:568] "remote_src": null,
2021-11-09 21:09:07,245 INFO [teflo.ansible_helpers.exec_local_cmd_pipe:568] "selevel": null,
2021-11-09 21:09:07,245 INFO [teflo.ansible_helpers.exec_local_cmd_pipe:568] "serole": null,
2021-11-09 21:09:07,245 INFO [teflo.ansible_helpers.exec_local_cmd_pipe:568] "setype": null,
2021-11-09 21:09:07,245 INFO [teflo.ansible_helpers.exec_local_cmd_pipe:568] "seuser": null,
2021-11-09 21:09:07,245 INFO [teflo.ansible_helpers.exec_local_cmd_pipe:568] "src": "/home/junqizhang/.ansible/tmp/ansible-tmp-1636510146.6665244-1267785-254950638957862/source",
2021-11-09 21:09:07,245 INFO [teflo.ansible_helpers.exec_local_cmd_pipe:568] "unsafe_writes": false,
2021-11-09 21:09:07,245 INFO [teflo.ansible_helpers.exec_local_cmd_pipe:568] "validate": null
2021-11-09 21:09:07,245 INFO [teflo.ansible_helpers.exec_local_cmd_pipe:568] }
2021-11-09 21:09:07,245 INFO [teflo.ansible_helpers.exec_local_cmd_pipe:568] },
2021-11-09 21:09:07,245 INFO [teflo.ansible_helpers.exec_local_cmd_pipe:568] "md5sum": "98b0c726ba90a855db7813118e24b43b",
2021-11-09 21:09:07,245 INFO [teflo.ansible_helpers.exec_local_cmd_pipe:568] "mode": "0644",
2021-11-09 21:09:07,245 INFO [teflo.ansible_helpers.exec_local_cmd_pipe:568] "owner": "junqizhang",
2021-11-09 21:09:07,246 INFO [teflo.ansible_helpers.exec_local_cmd_pipe:568] "secontext": "unconfined_u:object_r:user_home_t:s0",
2021-11-09 21:09:07,246 INFO [teflo.ansible_helpers.exec_local_cmd_pipe:568] "size": 82,
2021-11-09 21:09:07,246 INFO [teflo.ansible_helpers.exec_local_cmd_pipe:568] "src": "/home/junqizhang/.ansible/tmp/ansible-tmp-1636510146.6665244-1267785-254950638957862/source",
2021-11-09 21:09:07,246 INFO [teflo.ansible_helpers.exec_local_cmd_pipe:568] "state": "file",
2021-11-09 21:09:07,246 INFO [teflo.ansible_helpers.exec_local_cmd_pipe:568] "uid": 1000
2021-11-09 21:09:07,246 INFO [teflo.ansible_helpers.exec_local_cmd_pipe:568] }
2021-11-09 21:09:07,253 INFO [teflo.ansible_helpers.exec_local_cmd_pipe:568] META: ran handlers
2021-11-09 21:09:07,261 INFO [teflo.ansible_helpers.exec_local_cmd_pipe:568] META: ran handlers
2021-11-09 21:09:07,262 INFO [teflo.ansible_helpers.exec_local_cmd_pipe:568] 
2021-11-09 21:09:07,262 INFO [teflo.ansible_helpers.exec_local_cmd_pipe:568] PLAY RECAP *********************************************************************
2021-11-09 21:09:07,262 INFO [teflo.ansible_helpers.exec_local_cmd_pipe:568] 127.0.0.1                  : ok=5    changed=2    unreachable=0    failed=0    skipped=0    rescued=0    ignored=0
2021-11-09 21:09:07,262 INFO [teflo.ansible_helpers.exec_local_cmd_pipe:568] 
2021-11-09 21:09:07,350 INFO [teflo.orchestrators.ext.ansible_orchestrator_plugin.ansible_orchestrator_plugin.__script__:166] Successfully completed script : test.sh
2021-11-09 21:09:07,350 DEBUG [teflo.orchestrators.ext.ansible_orchestrator_plugin.ansible_orchestrator_plugin.run:206] Successful completion of orchestrate task This is an orchestrate fromsdf_remote with return value 0
2021-11-09 21:09:07,395 DEBUG [teflo.ansible_helpers.alog_update:566] The ansible log file being used is : None
2021-11-09 21:09:07,395 INFO [teflo.orchestrators.action_orchestrator.run:86] Orchestration passed : Successfully completed orchestrate action: This is an orchestrate fromsdf_remote.
2021-11-09 21:09:07,396 INFO [blaster.blast.blastoff:278] ** BLASTER COMPLETE **
2021-11-09 21:09:07,396 INFO [blaster.blast.blastoff:279]     -> TOTAL DURATION: 0h:0m:2s
2021-11-09 21:09:07,397 INFO [teflo.teflo.run_helper:542] ..................................................
2021-11-09 21:09:07,398 INFO [teflo.teflo.notify:615] Sending out any notifications that are registered.
2021-11-09 21:09:07,399 INFO [teflo.teflo._run_pipeline:702] ..................................................
2021-11-09 21:09:07,399 INFO [teflo.teflo._run_pipeline:703] Starting tasks on pipeline: notify
2021-11-09 21:09:07,400 WARNING [teflo.teflo._run_pipeline:707] ... no tasks to be executed ...
2021-11-09 21:09:07,400 INFO [teflo.teflo.run_helper:503] ..................................................
2021-11-09 21:09:07,401 INFO [teflo.teflo.run_helper:504] [32m'sdf using remote include' is running from the scenario file: sdf_library3.yml[0m
2021-11-09 21:09:07,401 INFO [teflo.teflo.run_helper:506] ..................................................
2021-11-09 21:09:07,402 INFO [teflo.teflo.notify:615] Sending out any notifications that are registered.
2021-11-09 21:09:07,403 INFO [teflo.teflo._run_pipeline:702] ..................................................
2021-11-09 21:09:07,404 INFO [teflo.teflo._run_pipeline:703] Starting tasks on pipeline: notify
2021-11-09 21:09:07,405 WARNING [teflo.teflo._run_pipeline:707] ... no tasks to be executed ...
2021-11-09 21:09:07,406 INFO [teflo.teflo.run_helper:514]  * Task    : provision
2021-11-09 21:09:07,406 INFO [teflo.teflo._run_pipeline:702] ..................................................
2021-11-09 21:09:07,407 INFO [teflo.teflo._run_pipeline:703] Starting tasks on pipeline: provision
2021-11-09 21:09:07,408 INFO [blaster.blast.blastoff:201] --> Blaster v0.4.0 <--
2021-11-09 21:09:07,409 INFO [blaster.blast.blastoff:202] Task Execution: Concurrent
2021-11-09 21:09:07,410 INFO [blaster.blast.blastoff:213] Tasks:
2021-11-09 21:09:07,411 INFO [blaster.blast.blastoff:216] 1. Task     : from_local_parent
                                Class    : <class 'teflo.tasks.provision.ProvisionTask'>
                                Methods  : ['run']
2021-11-09 21:09:07,413 INFO [blaster.blast.blastoff:225] ** BLASTER BEGIN **
2021-11-09 21:09:07,413 DEBUG [blaster.blast.total_processes:189] Processor count: 1
2021-11-09 21:09:07,423 DEBUG [blaster.blast.run:56] Processing task: from_local_parent
2021-11-09 21:09:07,424 WARNING [teflo.tasks.provision.__init__:53] Asset from_local_parent is static, provision will be skipped.
2021-11-09 21:09:07,425 DEBUG [blaster.blast.run:74] Running method run
2021-11-09 21:09:07,428 INFO [blaster.blast.blastoff:278] ** BLASTER COMPLETE **
2021-11-09 21:09:07,428 INFO [blaster.blast.blastoff:279]     -> TOTAL DURATION: 0h:0m:0s
2021-11-09 21:09:07,429 INFO [teflo.teflo.run_helper:534] Populating inventory file with host(s) from_local_parent
2021-11-09 21:09:07,432 DEBUG [teflo.core.create_inventory:1560] Master inventory content
2021-11-09 21:09:07,432 DEBUG [teflo.core.log_inventory_content:1579] 
[localhost:children]
REMOTE_include_provisioned_host
hello_im_remote_lib_provisioned_host
from_local_parent

[REMOTE_include_provisioned_host]
127.0.0.1

[REMOTE_include_provisioned_host:vars]
ansible_connection=local

[hello_im_remote_lib_provisioned_host]
127.0.0.1

[hello_im_remote_lib_provisioned_host:vars]
ansible_connection=local

[from_local_parent]
127.0.0.1

[from_local_parent:vars]
ansible_connection=local

2021-11-09 21:09:07,433 INFO [teflo.teflo.run_helper:542] ..................................................
2021-11-09 21:09:07,433 INFO [teflo.teflo.run_helper:514]  * Task    : orchestrate
2021-11-09 21:09:07,434 INFO [teflo.teflo._run_pipeline:702] ..................................................
2021-11-09 21:09:07,435 INFO [teflo.teflo._run_pipeline:703] Starting tasks on pipeline: orchestrate
2021-11-09 21:09:07,435 WARNING [teflo.teflo._run_pipeline:707] ... no tasks to be executed ...
2021-11-09 21:09:07,436 INFO [teflo.teflo.run_helper:542] ..................................................
2021-11-09 21:09:07,436 INFO [teflo.teflo.notify:615] Sending out any notifications that are registered.
2021-11-09 21:09:07,438 INFO [teflo.teflo._run_pipeline:702] ..................................................
2021-11-09 21:09:07,439 INFO [teflo.teflo._run_pipeline:703] Starting tasks on pipeline: notify
2021-11-09 21:09:07,439 WARNING [teflo.teflo._run_pipeline:707] ... no tasks to be executed ...
2021-11-09 21:09:07,466 INFO [teflo.teflo._print_footer:792] 

2021-11-09 21:09:07,467 INFO [teflo.teflo._print_footer:793]                                SCENARIO RUN (END)                              
2021-11-09 21:09:07,467 INFO [teflo.teflo._print_footer:794] -------------------------------------------------------------------------------
2021-11-09 21:09:07,468 INFO [teflo.teflo._print_footer:795]  * Duration                       : 0h:0m:4s
2021-11-09 21:09:07,468 INFO [teflo.teflo._print_footer:798]  * Passed Tasks                   : ['provision', 'orchestrate']
2021-11-09 21:09:07,468 INFO [teflo.teflo._print_footer:803]  * Results Folder                 : .teflo/.results
2021-11-09 21:09:07,469 INFO [teflo.teflo._print_footer:805]  * Iterate Method                 : by_level
2021-11-09 21:09:07,469 INFO [teflo.teflo._print_footer:808]  * Scenario Definition            : sdf from sdf_remote repo
2021-11-09 21:09:07,470 INFO [teflo.teflo._print_footer:808]  * Scenario Definition            : py3_include_provision
2021-11-09 21:09:07,470 INFO [teflo.teflo._print_footer:808]  * Scenario Definition            : sdf using remote include
2021-11-09 21:09:07,470 INFO [teflo.teflo._print_footer:809]  * Final Scenario Definition      : .teflo/.results/results.yml
2021-11-09 21:09:07,471 INFO [teflo.teflo._print_footer:810] -------------------------------------------------------------------------------
2021-11-09 21:09:07,472 INFO [teflo.teflo._print_footer:811] TEFLO RUN (RESULT=PASSED)
