2021-11-09 21:10:18,454 WARNING [teflo.teflo.__init__:199] Scenario workspace was not set, therefore the workspace is automatically assigned to the current working directory. You may experience problems if files needed by teflo do not exists in the scenario workspace.
2021-11-09 21:10:20,191 INFO [teflo.teflo._print_header:756] 

2021-11-09 21:10:20,191 INFO [teflo.teflo._print_header:757]                                TEFLO RUN (START)                               
2021-11-09 21:10:20,192 INFO [teflo.teflo._print_header:758] -------------------------------------------------------------------------------
2021-11-09 21:10:20,192 INFO [teflo.teflo._print_header:759]  * Data Folder           : .teflo/pp21f0cy1x
2021-11-09 21:10:20,193 INFO [teflo.teflo._print_header:760]  * Workspace             : /home/junqizhang/myWork/teflo_playground/test_remote
2021-11-09 21:10:20,193 INFO [teflo.teflo._print_header:761]  * Log Level             : debug
2021-11-09 21:10:20,194 INFO [teflo.teflo._print_header:762]  * Tasks                 : ['provision', 'orchestrate']
2021-11-09 21:10:20,195 INFO [teflo.teflo._print_header:763]  * Iterate Method        : by_level
2021-11-09 21:10:20,195 INFO [teflo.teflo._print_header:765]  * Scenario              : sdf from sdf_remote repo
2021-11-09 21:10:20,196 INFO [teflo.teflo._print_header:765]  * Scenario              : py3_include_provision
2021-11-09 21:10:20,196 INFO [teflo.teflo._print_header:765]  * Scenario              : sdf using remote include
2021-11-09 21:10:20,196 INFO [teflo.teflo._print_header:766] -------------------------------------------------------------------------------

2021-11-09 21:10:20,197 INFO [teflo.teflo.run_helper:503] ..................................................
2021-11-09 21:10:20,197 INFO [teflo.teflo.run_helper:504] [32m'sdf from sdf_remote repo' is running from the scenario file: sdf.yml[0m
2021-11-09 21:10:20,198 INFO [teflo.teflo.run_helper:506] ..................................................
2021-11-09 21:10:20,198 INFO [teflo.teflo.notify:615] Sending out any notifications that are registered.
2021-11-09 21:10:20,199 INFO [teflo.teflo._run_pipeline:702] ..................................................
2021-11-09 21:10:20,199 INFO [teflo.teflo._run_pipeline:703] Starting tasks on pipeline: notify
2021-11-09 21:10:20,200 WARNING [teflo.teflo._run_pipeline:707] ... no tasks to be executed ...
2021-11-09 21:10:20,200 INFO [teflo.teflo.run_helper:514]  * Task    : provision
2021-11-09 21:10:20,201 INFO [teflo.teflo._run_pipeline:702] ..................................................
2021-11-09 21:10:20,201 INFO [teflo.teflo._run_pipeline:703] Starting tasks on pipeline: provision
2021-11-09 21:10:20,202 INFO [blaster.blast.blastoff:201] --> Blaster v0.4.0 <--
2021-11-09 21:10:20,202 INFO [blaster.blast.blastoff:202] Task Execution: Concurrent
2021-11-09 21:10:20,207 INFO [blaster.blast.blastoff:213] Tasks:
2021-11-09 21:10:20,208 INFO [blaster.blast.blastoff:216] 1. Task     : REMOTE_include_provisioned_host
                                Class    : <class 'teflo.tasks.provision.ProvisionTask'>
                                Methods  : ['run']
2021-11-09 21:10:20,209 INFO [blaster.blast.blastoff:225] ** BLASTER BEGIN **
2021-11-09 21:10:20,210 DEBUG [blaster.blast.total_processes:189] Processor count: 1
2021-11-09 21:10:20,226 DEBUG [blaster.blast.run:56] Processing task: REMOTE_include_provisioned_host
2021-11-09 21:10:20,227 WARNING [teflo.tasks.provision.__init__:53] Asset REMOTE_include_provisioned_host is static, provision will be skipped.
2021-11-09 21:10:20,228 DEBUG [blaster.blast.run:74] Running method run
2021-11-09 21:10:20,231 INFO [blaster.blast.blastoff:278] ** BLASTER COMPLETE **
2021-11-09 21:10:20,232 INFO [blaster.blast.blastoff:279]     -> TOTAL DURATION: 0h:0m:0s
2021-11-09 21:10:20,232 INFO [teflo.teflo.run_helper:534] Populating inventory file with host(s) REMOTE_include_provisioned_host
2021-11-09 21:10:20,235 DEBUG [teflo.core.create_inventory:1560] Master inventory content
2021-11-09 21:10:20,236 DEBUG [teflo.core.log_inventory_content:1579] 
[localhost:children]
REMOTE_include_provisioned_host

[REMOTE_include_provisioned_host]
127.0.0.1

[REMOTE_include_provisioned_host:vars]
ansible_connection=local

2021-11-09 21:10:20,236 INFO [teflo.teflo.run_helper:542] ..................................................
2021-11-09 21:10:20,237 INFO [teflo.teflo.run_helper:514]  * Task    : orchestrate
2021-11-09 21:10:20,238 INFO [teflo.teflo._run_pipeline:702] ..................................................
2021-11-09 21:10:20,239 INFO [teflo.teflo._run_pipeline:703] Starting tasks on pipeline: orchestrate
2021-11-09 21:10:20,240 INFO [blaster.blast.blastoff:201] --> Blaster v0.4.0 <--
2021-11-09 21:10:20,241 INFO [blaster.blast.blastoff:202] Task Execution: Sequential
2021-11-09 21:10:20,241 INFO [blaster.blast.blastoff:213] Tasks:
2021-11-09 21:10:20,242 INFO [blaster.blast.blastoff:216] 1. Task     : 
                                Class    : <class 'teflo.tasks.orchestrate.OrchestrateTask'>
                                Methods  : ['run']
2021-11-09 21:10:20,243 INFO [blaster.blast.blastoff:225] ** BLASTER BEGIN **
2021-11-09 21:10:20,244 DEBUG [blaster.blast.run:56] Processing task: 
2021-11-09 21:10:20,246 DEBUG [blaster.blast.run:74] Running method run
2021-11-09 21:10:20,247 INFO [teflo.tasks.orchestrate.run:56]    running orchestration  for ['REMOTE_include_provisioned_host']
2021-11-09 21:10:20,251 INFO [teflo.orchestrators.ext.ansible_orchestrator_plugin.ansible_orchestrator_plugin.__playbook__:144] Executing playbook:
2021-11-09 21:10:20,252 INFO [teflo.ansible_helpers.build_run_options:357] Ansible options used: {}
2021-11-09 21:10:20,252 INFO [teflo.ansible_helpers.run_playbook:608] Executing playbook : /home/junqizhang/myWork/teflo_playground/test_remote/.teflo_libraries/remote1/playbook.yml
2021-11-09 21:10:20,270 INFO [teflo.helpers.can_connect:864] 127.0.0.1
2021-11-09 21:10:20,271 DEBUG [teflo.ansible_helpers.run_playbook:216] ansible-playbook -i /home/junqizhang/myWork/teflo_playground/test_remote/.teflo/.results/inventory /home/junqizhang/myWork/teflo_playground/test_remote/.teflo_libraries/remote1/playbook.yml -e hosts="'REMOTE_include_provisioned_host'" -e uuid="'atsxx'" -e hello="'another_test'" -e "{'localhost': True}"  -vvv
2021-11-09 21:10:20,627 INFO [teflo.ansible_helpers.exec_local_cmd_pipe:568] ansible-playbook [core 2.11.6]
2021-11-09 21:10:20,627 INFO [teflo.ansible_helpers.exec_local_cmd_pipe:568] config file = None
2021-11-09 21:10:20,627 INFO [teflo.ansible_helpers.exec_local_cmd_pipe:568] configured module search path = ['/home/junqizhang/.ansible/plugins/modules', '/usr/share/ansible/plugins/modules']
2021-11-09 21:10:20,627 INFO [teflo.ansible_helpers.exec_local_cmd_pipe:568] ansible python module location = /home/junqizhang/.local/lib/python3.9/site-packages/ansible
2021-11-09 21:10:20,627 INFO [teflo.ansible_helpers.exec_local_cmd_pipe:568] ansible collection location = /home/junqizhang/.ansible/collections:/usr/share/ansible/collections
2021-11-09 21:10:20,628 INFO [teflo.ansible_helpers.exec_local_cmd_pipe:568] executable location = /home/junqizhang/.local/bin/ansible-playbook
2021-11-09 21:10:20,628 INFO [teflo.ansible_helpers.exec_local_cmd_pipe:568] python version = 3.9.7 (default, Aug 30 2021, 00:00:00) [GCC 11.2.1 20210728 (Red Hat 11.2.1-1)]
2021-11-09 21:10:20,628 INFO [teflo.ansible_helpers.exec_local_cmd_pipe:568] jinja version = 2.11.3
2021-11-09 21:10:20,628 INFO [teflo.ansible_helpers.exec_local_cmd_pipe:568] libyaml = True
2021-11-09 21:10:20,628 INFO [teflo.ansible_helpers.exec_local_cmd_pipe:568] No config file found; using defaults
2021-11-09 21:10:20,634 INFO [teflo.ansible_helpers.exec_local_cmd_pipe:568] host_list declined parsing /home/junqizhang/myWork/teflo_playground/test_remote/.teflo/.results/inventory/inventory-pp21f0cy1x as it did not pass its verify_file() method
2021-11-09 21:10:20,634 INFO [teflo.ansible_helpers.exec_local_cmd_pipe:568] script declined parsing /home/junqizhang/myWork/teflo_playground/test_remote/.teflo/.results/inventory/inventory-pp21f0cy1x as it did not pass its verify_file() method
2021-11-09 21:10:20,634 INFO [teflo.ansible_helpers.exec_local_cmd_pipe:568] auto declined parsing /home/junqizhang/myWork/teflo_playground/test_remote/.teflo/.results/inventory/inventory-pp21f0cy1x as it did not pass its verify_file() method
2021-11-09 21:10:20,636 INFO [teflo.ansible_helpers.exec_local_cmd_pipe:568] Parsed /home/junqizhang/myWork/teflo_playground/test_remote/.teflo/.results/inventory/inventory-pp21f0cy1x inventory source with ini plugin
2021-11-09 21:10:20,727 INFO [teflo.ansible_helpers.exec_local_cmd_pipe:568] Skipping callback 'default', as we already have a stdout callback.
2021-11-09 21:10:20,727 INFO [teflo.ansible_helpers.exec_local_cmd_pipe:568] Skipping callback 'minimal', as we already have a stdout callback.
2021-11-09 21:10:20,727 INFO [teflo.ansible_helpers.exec_local_cmd_pipe:568] Skipping callback 'oneline', as we already have a stdout callback.
2021-11-09 21:10:20,727 INFO [teflo.ansible_helpers.exec_local_cmd_pipe:568] 
2021-11-09 21:10:20,727 INFO [teflo.ansible_helpers.exec_local_cmd_pipe:568] PLAYBOOK: playbook.yml *********************************************************
2021-11-09 21:10:20,727 INFO [teflo.ansible_helpers.exec_local_cmd_pipe:568] 1 plays in /home/junqizhang/myWork/teflo_playground/test_remote/.teflo_libraries/remote1/playbook.yml
2021-11-09 21:10:20,731 INFO [teflo.ansible_helpers.exec_local_cmd_pipe:568] 
2021-11-09 21:10:20,731 INFO [teflo.ansible_helpers.exec_local_cmd_pipe:568] PLAY [REMOTE_include_provisioned_host] *****************************************
2021-11-09 21:10:20,742 INFO [teflo.ansible_helpers.exec_local_cmd_pipe:568] 
2021-11-09 21:10:20,743 INFO [teflo.ansible_helpers.exec_local_cmd_pipe:568] TASK [Gathering Facts] *********************************************************
2021-11-09 21:10:20,743 INFO [teflo.ansible_helpers.exec_local_cmd_pipe:568] task path: /home/junqizhang/myWork/teflo_playground/test_remote/.teflo_libraries/remote1/playbook.yml:2
2021-11-09 21:10:20,758 INFO [teflo.ansible_helpers.exec_local_cmd_pipe:568] <127.0.0.1> ESTABLISH LOCAL CONNECTION FOR USER: junqizhang
2021-11-09 21:10:20,758 INFO [teflo.ansible_helpers.exec_local_cmd_pipe:568] <127.0.0.1> EXEC /bin/sh -c 'echo ~junqizhang && sleep 0'
2021-11-09 21:10:20,765 INFO [teflo.ansible_helpers.exec_local_cmd_pipe:568] <127.0.0.1> EXEC /bin/sh -c '( umask 77 && mkdir -p "` echo /home/junqizhang/.ansible/tmp `"&& mkdir "` echo /home/junqizhang/.ansible/tmp/ansible-tmp-1636510220.7644656-1268059-102922959093130 `" && echo ansible-tmp-1636510220.7644656-1268059-102922959093130="` echo /home/junqizhang/.ansible/tmp/ansible-tmp-1636510220.7644656-1268059-102922959093130 `" ) && sleep 0'
2021-11-09 21:10:20,976 INFO [teflo.ansible_helpers.exec_local_cmd_pipe:568] <127.0.0.1> Attempting python interpreter discovery
2021-11-09 21:10:20,976 INFO [teflo.ansible_helpers.exec_local_cmd_pipe:568] <127.0.0.1> EXEC /bin/sh -c 'echo PLATFORM; uname; echo FOUND; command -v '"'"'/usr/bin/python'"'"'; command -v '"'"'python3.9'"'"'; command -v '"'"'python3.8'"'"'; command -v '"'"'python3.7'"'"'; command -v '"'"'python3.6'"'"'; command -v '"'"'python3.5'"'"'; command -v '"'"'python2.7'"'"'; command -v '"'"'python2.6'"'"'; command -v '"'"'/usr/libexec/platform-python'"'"'; command -v '"'"'/usr/bin/python3'"'"'; command -v '"'"'python'"'"'; echo ENDFOUND && sleep 0'
2021-11-09 21:10:20,984 INFO [teflo.ansible_helpers.exec_local_cmd_pipe:568] <127.0.0.1> EXEC /bin/sh -c '/usr/bin/python && sleep 0'
2021-11-09 21:10:21,038 INFO [teflo.ansible_helpers.exec_local_cmd_pipe:568] Using module file /home/junqizhang/.local/lib/python3.9/site-packages/ansible/modules/setup.py
2021-11-09 21:10:21,039 INFO [teflo.ansible_helpers.exec_local_cmd_pipe:568] <127.0.0.1> PUT /home/junqizhang/.ansible/tmp/ansible-local-1268055j6ew1h5y/tmpbrprt00l TO /home/junqizhang/.ansible/tmp/ansible-tmp-1636510220.7644656-1268059-102922959093130/AnsiballZ_setup.py
2021-11-09 21:10:21,039 INFO [teflo.ansible_helpers.exec_local_cmd_pipe:568] <127.0.0.1> EXEC /bin/sh -c 'chmod u+x /home/junqizhang/.ansible/tmp/ansible-tmp-1636510220.7644656-1268059-102922959093130/ /home/junqizhang/.ansible/tmp/ansible-tmp-1636510220.7644656-1268059-102922959093130/AnsiballZ_setup.py && sleep 0'
2021-11-09 21:10:21,047 INFO [teflo.ansible_helpers.exec_local_cmd_pipe:568] <127.0.0.1> EXEC /bin/sh -c '/usr/bin/python /home/junqizhang/.ansible/tmp/ansible-tmp-1636510220.7644656-1268059-102922959093130/AnsiballZ_setup.py && sleep 0'
2021-11-09 21:10:21,708 INFO [teflo.ansible_helpers.exec_local_cmd_pipe:568] <127.0.0.1> EXEC /bin/sh -c 'rm -f -r /home/junqizhang/.ansible/tmp/ansible-tmp-1636510220.7644656-1268059-102922959093130/ > /dev/null 2>&1 && sleep 0'
2021-11-09 21:10:21,731 INFO [teflo.ansible_helpers.exec_local_cmd_pipe:568] ok: [127.0.0.1]
2021-11-09 21:10:21,742 INFO [teflo.ansible_helpers.exec_local_cmd_pipe:568] META: ran handlers
2021-11-09 21:10:21,753 INFO [teflo.ansible_helpers.exec_local_cmd_pipe:568] 
2021-11-09 21:10:21,753 INFO [teflo.ansible_helpers.exec_local_cmd_pipe:568] TASK [remove an instance] ******************************************************
2021-11-09 21:10:21,753 INFO [teflo.ansible_helpers.exec_local_cmd_pipe:568] task path: /home/junqizhang/myWork/teflo_playground/test_remote/.teflo_libraries/remote1/playbook.yml:4
2021-11-09 21:10:21,767 INFO [teflo.ansible_helpers.exec_local_cmd_pipe:568] ok: [127.0.0.1] => {
2021-11-09 21:10:21,767 INFO [teflo.ansible_helpers.exec_local_cmd_pipe:568] "msg": "another_test"
2021-11-09 21:10:21,767 INFO [teflo.ansible_helpers.exec_local_cmd_pipe:568] }
2021-11-09 21:10:21,776 INFO [teflo.ansible_helpers.exec_local_cmd_pipe:568] META: ran handlers
2021-11-09 21:10:21,787 INFO [teflo.ansible_helpers.exec_local_cmd_pipe:568] META: ran handlers
2021-11-09 21:10:21,788 INFO [teflo.ansible_helpers.exec_local_cmd_pipe:568] 
2021-11-09 21:10:21,789 INFO [teflo.ansible_helpers.exec_local_cmd_pipe:568] PLAY RECAP *********************************************************************
2021-11-09 21:10:21,789 INFO [teflo.ansible_helpers.exec_local_cmd_pipe:568] 127.0.0.1                  : ok=2    changed=0    unreachable=0    failed=0    skipped=0    rescued=0    ignored=0
2021-11-09 21:10:21,789 INFO [teflo.ansible_helpers.exec_local_cmd_pipe:568] 
2021-11-09 21:10:21,871 INFO [teflo.orchestrators.ext.ansible_orchestrator_plugin.ansible_orchestrator_plugin.__playbook__:153] Successfully completed playbook : /home/junqizhang/myWork/teflo_playground/test_remote/.teflo_libraries/remote1/playbook.yml
2021-11-09 21:10:21,872 DEBUG [teflo.orchestrators.ext.ansible_orchestrator_plugin.ansible_orchestrator_plugin.run:206] Successful completion of orchestrate task  with return value 0
2021-11-09 21:10:21,948 DEBUG [teflo.ansible_helpers.alog_update:566] The ansible log file being used is : None
2021-11-09 21:10:21,949 INFO [teflo.orchestrators.action_orchestrator.run:86] Orchestration passed : Successfully completed orchestrate action: .
2021-11-09 21:10:21,950 INFO [blaster.blast.blastoff:278] ** BLASTER COMPLETE **
2021-11-09 21:10:21,950 INFO [blaster.blast.blastoff:279]     -> TOTAL DURATION: 0h:0m:1s
2021-11-09 21:10:21,951 INFO [teflo.teflo.run_helper:542] ..................................................
2021-11-09 21:10:21,952 INFO [teflo.teflo.notify:615] Sending out any notifications that are registered.
2021-11-09 21:10:21,953 INFO [teflo.teflo._run_pipeline:702] ..................................................
2021-11-09 21:10:21,954 INFO [teflo.teflo._run_pipeline:703] Starting tasks on pipeline: notify
2021-11-09 21:10:21,955 WARNING [teflo.teflo._run_pipeline:707] ... no tasks to be executed ...
2021-11-09 21:10:21,956 INFO [teflo.teflo.run_helper:503] ..................................................
2021-11-09 21:10:21,957 INFO [teflo.teflo.run_helper:504] [32m'py3_include_provision' is running from the scenario file: sdf_remote.yml[0m
2021-11-09 21:10:21,957 INFO [teflo.teflo.run_helper:506] ..................................................
2021-11-09 21:10:21,958 INFO [teflo.teflo.notify:615] Sending out any notifications that are registered.
2021-11-09 21:10:21,960 INFO [teflo.teflo._run_pipeline:702] ..................................................
2021-11-09 21:10:21,961 INFO [teflo.teflo._run_pipeline:703] Starting tasks on pipeline: notify
2021-11-09 21:10:21,962 WARNING [teflo.teflo._run_pipeline:707] ... no tasks to be executed ...
2021-11-09 21:10:21,963 INFO [teflo.teflo.run_helper:514]  * Task    : provision
2021-11-09 21:10:21,964 INFO [teflo.teflo._run_pipeline:702] ..................................................
2021-11-09 21:10:21,965 INFO [teflo.teflo._run_pipeline:703] Starting tasks on pipeline: provision
2021-11-09 21:10:21,966 INFO [blaster.blast.blastoff:201] --> Blaster v0.4.0 <--
2021-11-09 21:10:21,966 INFO [blaster.blast.blastoff:202] Task Execution: Concurrent
2021-11-09 21:10:21,968 INFO [blaster.blast.blastoff:213] Tasks:
2021-11-09 21:10:21,969 INFO [blaster.blast.blastoff:216] 1. Task     : hello_im_remote_lib_provisioned_host
                                Class    : <class 'teflo.tasks.provision.ProvisionTask'>
                                Methods  : ['run']
2021-11-09 21:10:21,971 INFO [blaster.blast.blastoff:225] ** BLASTER BEGIN **
2021-11-09 21:10:21,971 DEBUG [blaster.blast.total_processes:189] Processor count: 1
2021-11-09 21:10:21,979 DEBUG [blaster.blast.run:56] Processing task: hello_im_remote_lib_provisioned_host
2021-11-09 21:10:21,981 WARNING [teflo.tasks.provision.__init__:53] Asset hello_im_remote_lib_provisioned_host is static, provision will be skipped.
2021-11-09 21:10:21,982 DEBUG [blaster.blast.run:74] Running method run
2021-11-09 21:10:21,984 INFO [blaster.blast.blastoff:278] ** BLASTER COMPLETE **
2021-11-09 21:10:21,985 INFO [blaster.blast.blastoff:279]     -> TOTAL DURATION: 0h:0m:0s
2021-11-09 21:10:21,986 INFO [teflo.teflo.run_helper:534] Populating inventory file with host(s) hello_im_remote_lib_provisioned_host
2021-11-09 21:10:21,990 DEBUG [teflo.core.create_inventory:1560] Master inventory content
2021-11-09 21:10:21,991 DEBUG [teflo.core.log_inventory_content:1579] 
[localhost:children]
REMOTE_include_provisioned_host
hello_im_remote_lib_provisioned_host

[REMOTE_include_provisioned_host]
127.0.0.1

[REMOTE_include_provisioned_host:vars]
ansible_connection=local

[hello_im_remote_lib_provisioned_host]
127.0.0.1

[hello_im_remote_lib_provisioned_host:vars]
ansible_connection=local

2021-11-09 21:10:21,992 INFO [teflo.teflo.run_helper:542] ..................................................
2021-11-09 21:10:21,993 INFO [teflo.teflo.run_helper:514]  * Task    : orchestrate
2021-11-09 21:10:21,995 INFO [teflo.teflo._run_pipeline:702] ..................................................
2021-11-09 21:10:21,996 INFO [teflo.teflo._run_pipeline:703] Starting tasks on pipeline: orchestrate
2021-11-09 21:10:21,996 INFO [blaster.blast.blastoff:201] --> Blaster v0.4.0 <--
2021-11-09 21:10:21,997 INFO [blaster.blast.blastoff:202] Task Execution: Sequential
2021-11-09 21:10:21,998 INFO [blaster.blast.blastoff:213] Tasks:
2021-11-09 21:10:21,999 INFO [blaster.blast.blastoff:216] 1. Task     : This is an orchestrate fromsdf_remote
                                Class    : <class 'teflo.tasks.orchestrate.OrchestrateTask'>
                                Methods  : ['run']
2021-11-09 21:10:21,999 INFO [blaster.blast.blastoff:225] ** BLASTER BEGIN **
2021-11-09 21:10:22,000 DEBUG [blaster.blast.run:56] Processing task: This is an orchestrate fromsdf_remote
2021-11-09 21:10:22,002 DEBUG [blaster.blast.run:74] Running method run
2021-11-09 21:10:22,002 INFO [teflo.tasks.orchestrate.run:56]    running orchestration This is an orchestrate fromsdf_remote for ['REMOTE_include_provisioned_host']
2021-11-09 21:10:22,003 INFO [teflo.orchestrators.ext.ansible_orchestrator_plugin.ansible_orchestrator_plugin.__script__:156] Executing script:
2021-11-09 21:10:22,004 INFO [teflo.ansible_helpers.run_script_playbook:756] Executing script test.sh:
2021-11-09 21:10:22,004 INFO [teflo.ansible_helpers.build_run_options:357] Ansible options used: {}
2021-11-09 21:10:22,017 INFO [teflo.ansible_helpers.run_playbook:608] Executing playbook : cbn_execute_script_3dlj7.yml
2021-11-09 21:10:22,021 INFO [teflo.helpers.can_connect:864] 127.0.0.1
2021-11-09 21:10:22,021 DEBUG [teflo.ansible_helpers.run_playbook:216] ansible-playbook -i /home/junqizhang/myWork/teflo_playground/test_remote/.teflo/.results/inventory cbn_execute_script_3dlj7.yml -e hosts="'REMOTE_include_provisioned_host'" -e uuid="'3dlj7'" -e "{'localhost': True}"  -e xscript="'test.sh'" -vvv
2021-11-09 21:10:22,356 INFO [teflo.ansible_helpers.exec_local_cmd_pipe:568] ansible-playbook [core 2.11.6]
2021-11-09 21:10:22,356 INFO [teflo.ansible_helpers.exec_local_cmd_pipe:568] config file = None
2021-11-09 21:10:22,356 INFO [teflo.ansible_helpers.exec_local_cmd_pipe:568] configured module search path = ['/home/junqizhang/.ansible/plugins/modules', '/usr/share/ansible/plugins/modules']
2021-11-09 21:10:22,356 INFO [teflo.ansible_helpers.exec_local_cmd_pipe:568] ansible python module location = /home/junqizhang/.local/lib/python3.9/site-packages/ansible
2021-11-09 21:10:22,356 INFO [teflo.ansible_helpers.exec_local_cmd_pipe:568] ansible collection location = /home/junqizhang/.ansible/collections:/usr/share/ansible/collections
2021-11-09 21:10:22,357 INFO [teflo.ansible_helpers.exec_local_cmd_pipe:568] executable location = /home/junqizhang/.local/bin/ansible-playbook
2021-11-09 21:10:22,357 INFO [teflo.ansible_helpers.exec_local_cmd_pipe:568] python version = 3.9.7 (default, Aug 30 2021, 00:00:00) [GCC 11.2.1 20210728 (Red Hat 11.2.1-1)]
2021-11-09 21:10:22,357 INFO [teflo.ansible_helpers.exec_local_cmd_pipe:568] jinja version = 2.11.3
2021-11-09 21:10:22,357 INFO [teflo.ansible_helpers.exec_local_cmd_pipe:568] libyaml = True
2021-11-09 21:10:22,357 INFO [teflo.ansible_helpers.exec_local_cmd_pipe:568] No config file found; using defaults
2021-11-09 21:10:22,363 INFO [teflo.ansible_helpers.exec_local_cmd_pipe:568] host_list declined parsing /home/junqizhang/myWork/teflo_playground/test_remote/.teflo/.results/inventory/inventory-pp21f0cy1x as it did not pass its verify_file() method
2021-11-09 21:10:22,363 INFO [teflo.ansible_helpers.exec_local_cmd_pipe:568] script declined parsing /home/junqizhang/myWork/teflo_playground/test_remote/.teflo/.results/inventory/inventory-pp21f0cy1x as it did not pass its verify_file() method
2021-11-09 21:10:22,363 INFO [teflo.ansible_helpers.exec_local_cmd_pipe:568] auto declined parsing /home/junqizhang/myWork/teflo_playground/test_remote/.teflo/.results/inventory/inventory-pp21f0cy1x as it did not pass its verify_file() method
2021-11-09 21:10:22,365 INFO [teflo.ansible_helpers.exec_local_cmd_pipe:568] Parsed /home/junqizhang/myWork/teflo_playground/test_remote/.teflo/.results/inventory/inventory-pp21f0cy1x inventory source with ini plugin
2021-11-09 21:10:22,449 INFO [teflo.ansible_helpers.exec_local_cmd_pipe:568] Skipping callback 'default', as we already have a stdout callback.
2021-11-09 21:10:22,449 INFO [teflo.ansible_helpers.exec_local_cmd_pipe:568] Skipping callback 'minimal', as we already have a stdout callback.
2021-11-09 21:10:22,449 INFO [teflo.ansible_helpers.exec_local_cmd_pipe:568] Skipping callback 'oneline', as we already have a stdout callback.
2021-11-09 21:10:22,449 INFO [teflo.ansible_helpers.exec_local_cmd_pipe:568] 
2021-11-09 21:10:22,449 INFO [teflo.ansible_helpers.exec_local_cmd_pipe:568] PLAYBOOK: cbn_execute_script_3dlj7.yml *****************************************
2021-11-09 21:10:22,449 INFO [teflo.ansible_helpers.exec_local_cmd_pipe:568] 1 plays in cbn_execute_script_3dlj7.yml
2021-11-09 21:10:22,453 INFO [teflo.ansible_helpers.exec_local_cmd_pipe:568] 
2021-11-09 21:10:22,453 INFO [teflo.ansible_helpers.exec_local_cmd_pipe:568] PLAY [run script and fetch results] ********************************************
2021-11-09 21:10:22,466 INFO [teflo.ansible_helpers.exec_local_cmd_pipe:568] 
2021-11-09 21:10:22,466 INFO [teflo.ansible_helpers.exec_local_cmd_pipe:568] TASK [Gathering Facts] *********************************************************
2021-11-09 21:10:22,467 INFO [teflo.ansible_helpers.exec_local_cmd_pipe:568] task path: /home/junqizhang/myWork/teflo_playground/test_remote/cbn_execute_script_3dlj7.yml:1
2021-11-09 21:10:22,482 INFO [teflo.ansible_helpers.exec_local_cmd_pipe:568] <127.0.0.1> ESTABLISH LOCAL CONNECTION FOR USER: junqizhang
2021-11-09 21:10:22,482 INFO [teflo.ansible_helpers.exec_local_cmd_pipe:568] <127.0.0.1> EXEC /bin/sh -c 'echo ~junqizhang && sleep 0'
2021-11-09 21:10:22,489 INFO [teflo.ansible_helpers.exec_local_cmd_pipe:568] <127.0.0.1> EXEC /bin/sh -c '( umask 77 && mkdir -p "` echo /home/junqizhang/.ansible/tmp `"&& mkdir "` echo /home/junqizhang/.ansible/tmp/ansible-tmp-1636510222.4884222-1268147-23561087996718 `" && echo ansible-tmp-1636510222.4884222-1268147-23561087996718="` echo /home/junqizhang/.ansible/tmp/ansible-tmp-1636510222.4884222-1268147-23561087996718 `" ) && sleep 0'
2021-11-09 21:10:22,710 INFO [teflo.ansible_helpers.exec_local_cmd_pipe:568] <127.0.0.1> Attempting python interpreter discovery
2021-11-09 21:10:22,710 INFO [teflo.ansible_helpers.exec_local_cmd_pipe:568] <127.0.0.1> EXEC /bin/sh -c 'echo PLATFORM; uname; echo FOUND; command -v '"'"'/usr/bin/python'"'"'; command -v '"'"'python3.9'"'"'; command -v '"'"'python3.8'"'"'; command -v '"'"'python3.7'"'"'; command -v '"'"'python3.6'"'"'; command -v '"'"'python3.5'"'"'; command -v '"'"'python2.7'"'"'; command -v '"'"'python2.6'"'"'; command -v '"'"'/usr/libexec/platform-python'"'"'; command -v '"'"'/usr/bin/python3'"'"'; command -v '"'"'python'"'"'; echo ENDFOUND && sleep 0'
2021-11-09 21:10:22,719 INFO [teflo.ansible_helpers.exec_local_cmd_pipe:568] <127.0.0.1> EXEC /bin/sh -c '/usr/bin/python && sleep 0'
2021-11-09 21:10:22,772 INFO [teflo.ansible_helpers.exec_local_cmd_pipe:568] Using module file /home/junqizhang/.local/lib/python3.9/site-packages/ansible/modules/setup.py
2021-11-09 21:10:22,773 INFO [teflo.ansible_helpers.exec_local_cmd_pipe:568] <127.0.0.1> PUT /home/junqizhang/.ansible/tmp/ansible-local-1268143naov_gw3/tmpli_e73ih TO /home/junqizhang/.ansible/tmp/ansible-tmp-1636510222.4884222-1268147-23561087996718/AnsiballZ_setup.py
2021-11-09 21:10:22,773 INFO [teflo.ansible_helpers.exec_local_cmd_pipe:568] <127.0.0.1> EXEC /bin/sh -c 'chmod u+x /home/junqizhang/.ansible/tmp/ansible-tmp-1636510222.4884222-1268147-23561087996718/ /home/junqizhang/.ansible/tmp/ansible-tmp-1636510222.4884222-1268147-23561087996718/AnsiballZ_setup.py && sleep 0'
2021-11-09 21:10:22,781 INFO [teflo.ansible_helpers.exec_local_cmd_pipe:568] <127.0.0.1> EXEC /bin/sh -c '/usr/bin/python /home/junqizhang/.ansible/tmp/ansible-tmp-1636510222.4884222-1268147-23561087996718/AnsiballZ_setup.py && sleep 0'
2021-11-09 21:10:23,382 INFO [teflo.ansible_helpers.exec_local_cmd_pipe:568] <127.0.0.1> EXEC /bin/sh -c 'rm -f -r /home/junqizhang/.ansible/tmp/ansible-tmp-1636510222.4884222-1268147-23561087996718/ > /dev/null 2>&1 && sleep 0'
2021-11-09 21:10:23,407 INFO [teflo.ansible_helpers.exec_local_cmd_pipe:568] ok: [127.0.0.1]
2021-11-09 21:10:23,415 INFO [teflo.ansible_helpers.exec_local_cmd_pipe:568] META: ran handlers
2021-11-09 21:10:23,424 INFO [teflo.ansible_helpers.exec_local_cmd_pipe:568] 
2021-11-09 21:10:23,425 INFO [teflo.ansible_helpers.exec_local_cmd_pipe:568] TASK [script command] **********************************************************
2021-11-09 21:10:23,425 INFO [teflo.ansible_helpers.exec_local_cmd_pipe:568] task path: /home/junqizhang/myWork/teflo_playground/test_remote/cbn_execute_script_3dlj7.yml:5
2021-11-09 21:10:23,441 INFO [teflo.ansible_helpers.exec_local_cmd_pipe:568] <127.0.0.1> ESTABLISH LOCAL CONNECTION FOR USER: junqizhang
2021-11-09 21:10:23,441 INFO [teflo.ansible_helpers.exec_local_cmd_pipe:568] <127.0.0.1> EXEC /bin/sh -c 'echo ~junqizhang && sleep 0'
2021-11-09 21:10:23,449 INFO [teflo.ansible_helpers.exec_local_cmd_pipe:568] <127.0.0.1> EXEC /bin/sh -c '( umask 77 && mkdir -p "` echo /home/junqizhang/.ansible/tmp `"&& mkdir "` echo /home/junqizhang/.ansible/tmp/ansible-tmp-1636510223.4491365-1268225-139830286012848 `" && echo ansible-tmp-1636510223.4491365-1268225-139830286012848="` echo /home/junqizhang/.ansible/tmp/ansible-tmp-1636510223.4491365-1268225-139830286012848 `" ) && sleep 0'
2021-11-09 21:10:23,463 INFO [teflo.ansible_helpers.exec_local_cmd_pipe:568] <127.0.0.1> PUT /home/junqizhang/myWork/teflo_playground/test_remote/test.sh TO /home/junqizhang/.ansible/tmp/ansible-tmp-1636510223.4491365-1268225-139830286012848/test.sh
2021-11-09 21:10:23,464 INFO [teflo.ansible_helpers.exec_local_cmd_pipe:568] <127.0.0.1> EXEC /bin/sh -c 'chmod u+x /home/junqizhang/.ansible/tmp/ansible-tmp-1636510223.4491365-1268225-139830286012848/ /home/junqizhang/.ansible/tmp/ansible-tmp-1636510223.4491365-1268225-139830286012848/test.sh && sleep 0'
2021-11-09 21:10:23,476 INFO [teflo.ansible_helpers.exec_local_cmd_pipe:568] <127.0.0.1> EXEC /bin/sh -c ' /home/junqizhang/.ansible/tmp/ansible-tmp-1636510223.4491365-1268225-139830286012848/test.sh && sleep 0'
2021-11-09 21:10:23,484 INFO [teflo.ansible_helpers.exec_local_cmd_pipe:568] <127.0.0.1> EXEC /bin/sh -c 'rm -f -r /home/junqizhang/.ansible/tmp/ansible-tmp-1636510223.4491365-1268225-139830286012848/ > /dev/null 2>&1 && sleep 0'
2021-11-09 21:10:23,501 INFO [teflo.ansible_helpers.exec_local_cmd_pipe:568] changed: [127.0.0.1] => {
2021-11-09 21:10:23,501 INFO [teflo.ansible_helpers.exec_local_cmd_pipe:568] "changed": true,
2021-11-09 21:10:23,502 INFO [teflo.ansible_helpers.exec_local_cmd_pipe:568] "rc": 0,
2021-11-09 21:10:23,502 INFO [teflo.ansible_helpers.exec_local_cmd_pipe:568] "stderr": "",
2021-11-09 21:10:23,502 INFO [teflo.ansible_helpers.exec_local_cmd_pipe:568] "stderr_lines": [],
2021-11-09 21:10:23,502 INFO [teflo.ansible_helpers.exec_local_cmd_pipe:568] "stdout": "this is from shell script\n",
2021-11-09 21:10:23,502 INFO [teflo.ansible_helpers.exec_local_cmd_pipe:568] "stdout_lines": [
2021-11-09 21:10:23,503 INFO [teflo.ansible_helpers.exec_local_cmd_pipe:568] "this is from shell script"
2021-11-09 21:10:23,503 INFO [teflo.ansible_helpers.exec_local_cmd_pipe:568] ]
2021-11-09 21:10:23,503 INFO [teflo.ansible_helpers.exec_local_cmd_pipe:568] }
2021-11-09 21:10:23,513 INFO [teflo.ansible_helpers.exec_local_cmd_pipe:568] 
2021-11-09 21:10:23,513 INFO [teflo.ansible_helpers.exec_local_cmd_pipe:568] TASK [to get correct (stderr/stdout/msg) output msg] ***************************
2021-11-09 21:10:23,513 INFO [teflo.ansible_helpers.exec_local_cmd_pipe:568] task path: /home/junqizhang/myWork/teflo_playground/test_remote/cbn_execute_script_3dlj7.yml:11
2021-11-09 21:10:23,545 INFO [teflo.ansible_helpers.exec_local_cmd_pipe:568] ok: [127.0.0.1] => {
2021-11-09 21:10:23,545 INFO [teflo.ansible_helpers.exec_local_cmd_pipe:568] "ansible_facts": {
2021-11-09 21:10:23,545 INFO [teflo.ansible_helpers.exec_local_cmd_pipe:568] "scrpt_out": ""
2021-11-09 21:10:23,545 INFO [teflo.ansible_helpers.exec_local_cmd_pipe:568] },
2021-11-09 21:10:23,545 INFO [teflo.ansible_helpers.exec_local_cmd_pipe:568] "changed": false
2021-11-09 21:10:23,545 INFO [teflo.ansible_helpers.exec_local_cmd_pipe:568] }
2021-11-09 21:10:23,556 INFO [teflo.ansible_helpers.exec_local_cmd_pipe:568] 
2021-11-09 21:10:23,556 INFO [teflo.ansible_helpers.exec_local_cmd_pipe:568] TASK [setting json str] ********************************************************
2021-11-09 21:10:23,556 INFO [teflo.ansible_helpers.exec_local_cmd_pipe:568] task path: /home/junqizhang/myWork/teflo_playground/test_remote/cbn_execute_script_3dlj7.yml:16
2021-11-09 21:10:23,597 INFO [teflo.ansible_helpers.exec_local_cmd_pipe:568] ok: [127.0.0.1] => {
2021-11-09 21:10:23,598 INFO [teflo.ansible_helpers.exec_local_cmd_pipe:568] "ansible_facts": {
2021-11-09 21:10:23,598 INFO [teflo.ansible_helpers.exec_local_cmd_pipe:568] "json_str": {
2021-11-09 21:10:23,598 INFO [teflo.ansible_helpers.exec_local_cmd_pipe:568] "err": "",
2021-11-09 21:10:23,599 INFO [teflo.ansible_helpers.exec_local_cmd_pipe:568] "host_name": "junqi",
2021-11-09 21:10:23,599 INFO [teflo.ansible_helpers.exec_local_cmd_pipe:568] "rc": "0"
2021-11-09 21:10:23,599 INFO [teflo.ansible_helpers.exec_local_cmd_pipe:568] }
2021-11-09 21:10:23,599 INFO [teflo.ansible_helpers.exec_local_cmd_pipe:568] },
2021-11-09 21:10:23,599 INFO [teflo.ansible_helpers.exec_local_cmd_pipe:568] "changed": false
2021-11-09 21:10:23,599 INFO [teflo.ansible_helpers.exec_local_cmd_pipe:568] }
2021-11-09 21:10:23,622 INFO [teflo.ansible_helpers.exec_local_cmd_pipe:568] 
2021-11-09 21:10:23,622 INFO [teflo.ansible_helpers.exec_local_cmd_pipe:568] TASK [copy to shell results to a json file] ************************************
2021-11-09 21:10:23,622 INFO [teflo.ansible_helpers.exec_local_cmd_pipe:568] task path: /home/junqizhang/myWork/teflo_playground/test_remote/cbn_execute_script_3dlj7.yml:21
2021-11-09 21:10:23,659 INFO [teflo.ansible_helpers.exec_local_cmd_pipe:568] <localhost> ESTABLISH LOCAL CONNECTION FOR USER: junqizhang
2021-11-09 21:10:23,659 INFO [teflo.ansible_helpers.exec_local_cmd_pipe:568] <localhost> EXEC /bin/sh -c 'echo ~junqizhang && sleep 0'
2021-11-09 21:10:23,666 INFO [teflo.ansible_helpers.exec_local_cmd_pipe:568] <localhost> EXEC /bin/sh -c '( umask 77 && mkdir -p "` echo /home/junqizhang/.ansible/tmp `"&& mkdir "` echo /home/junqizhang/.ansible/tmp/ansible-tmp-1636510223.6656287-1268246-116923800861421 `" && echo ansible-tmp-1636510223.6656287-1268246-116923800861421="` echo /home/junqizhang/.ansible/tmp/ansible-tmp-1636510223.6656287-1268246-116923800861421 `" ) && sleep 0'
2021-11-09 21:10:23,801 INFO [teflo.ansible_helpers.exec_local_cmd_pipe:568] Using module file /home/junqizhang/.local/lib/python3.9/site-packages/ansible/modules/stat.py
2021-11-09 21:10:23,801 INFO [teflo.ansible_helpers.exec_local_cmd_pipe:568] <localhost> PUT /home/junqizhang/.ansible/tmp/ansible-local-1268143naov_gw3/tmpfn2b1iqm TO /home/junqizhang/.ansible/tmp/ansible-tmp-1636510223.6656287-1268246-116923800861421/AnsiballZ_stat.py
2021-11-09 21:10:23,802 INFO [teflo.ansible_helpers.exec_local_cmd_pipe:568] <localhost> EXEC /bin/sh -c 'chmod u+x /home/junqizhang/.ansible/tmp/ansible-tmp-1636510223.6656287-1268246-116923800861421/ /home/junqizhang/.ansible/tmp/ansible-tmp-1636510223.6656287-1268246-116923800861421/AnsiballZ_stat.py && sleep 0'
2021-11-09 21:10:23,808 INFO [teflo.ansible_helpers.exec_local_cmd_pipe:568] <localhost> EXEC /bin/sh -c '/usr/bin/python /home/junqizhang/.ansible/tmp/ansible-tmp-1636510223.6656287-1268246-116923800861421/AnsiballZ_stat.py && sleep 0'
2021-11-09 21:10:23,945 INFO [teflo.ansible_helpers.exec_local_cmd_pipe:568] <localhost> PUT /home/junqizhang/.ansible/tmp/ansible-local-1268143naov_gw3/tmpls5p2pnc TO /home/junqizhang/.ansible/tmp/ansible-tmp-1636510223.6656287-1268246-116923800861421/source
2021-11-09 21:10:23,945 INFO [teflo.ansible_helpers.exec_local_cmd_pipe:568] <localhost> EXEC /bin/sh -c 'chmod u+x /home/junqizhang/.ansible/tmp/ansible-tmp-1636510223.6656287-1268246-116923800861421/ /home/junqizhang/.ansible/tmp/ansible-tmp-1636510223.6656287-1268246-116923800861421/source && sleep 0'
2021-11-09 21:10:24,081 INFO [teflo.ansible_helpers.exec_local_cmd_pipe:568] Using module file /home/junqizhang/.local/lib/python3.9/site-packages/ansible/modules/copy.py
2021-11-09 21:10:24,081 INFO [teflo.ansible_helpers.exec_local_cmd_pipe:568] <localhost> PUT /home/junqizhang/.ansible/tmp/ansible-local-1268143naov_gw3/tmp3l9a2p1t TO /home/junqizhang/.ansible/tmp/ansible-tmp-1636510223.6656287-1268246-116923800861421/AnsiballZ_copy.py
2021-11-09 21:10:24,081 INFO [teflo.ansible_helpers.exec_local_cmd_pipe:568] <localhost> EXEC /bin/sh -c 'chmod u+x /home/junqizhang/.ansible/tmp/ansible-tmp-1636510223.6656287-1268246-116923800861421/ /home/junqizhang/.ansible/tmp/ansible-tmp-1636510223.6656287-1268246-116923800861421/AnsiballZ_copy.py && sleep 0'
2021-11-09 21:10:24,090 INFO [teflo.ansible_helpers.exec_local_cmd_pipe:568] <localhost> EXEC /bin/sh -c '/usr/bin/python /home/junqizhang/.ansible/tmp/ansible-tmp-1636510223.6656287-1268246-116923800861421/AnsiballZ_copy.py && sleep 0'
2021-11-09 21:10:24,232 INFO [teflo.ansible_helpers.exec_local_cmd_pipe:568] <localhost> EXEC /bin/sh -c 'rm -f -r /home/junqizhang/.ansible/tmp/ansible-tmp-1636510223.6656287-1268246-116923800861421/ > /dev/null 2>&1 && sleep 0'
2021-11-09 21:10:24,243 INFO [teflo.ansible_helpers.exec_local_cmd_pipe:568] changed: [127.0.0.1 -> localhost] => {
2021-11-09 21:10:24,243 INFO [teflo.ansible_helpers.exec_local_cmd_pipe:568] "changed": true,
2021-11-09 21:10:24,244 INFO [teflo.ansible_helpers.exec_local_cmd_pipe:568] "checksum": "b110a1649353a47faea2bf745de8b9614d1168a5",
2021-11-09 21:10:24,244 INFO [teflo.ansible_helpers.exec_local_cmd_pipe:568] "dest": "./script-results-3dlj7.json",
2021-11-09 21:10:24,244 INFO [teflo.ansible_helpers.exec_local_cmd_pipe:568] "diff": [],
2021-11-09 21:10:24,244 INFO [teflo.ansible_helpers.exec_local_cmd_pipe:568] "gid": 1000,
2021-11-09 21:10:24,244 INFO [teflo.ansible_helpers.exec_local_cmd_pipe:568] "group": "junqizhang",
2021-11-09 21:10:24,244 INFO [teflo.ansible_helpers.exec_local_cmd_pipe:568] "invocation": {
2021-11-09 21:10:24,244 INFO [teflo.ansible_helpers.exec_local_cmd_pipe:568] "module_args": {
2021-11-09 21:10:24,244 INFO [teflo.ansible_helpers.exec_local_cmd_pipe:568] "_original_basename": "tmpls5p2pnc",
2021-11-09 21:10:24,244 INFO [teflo.ansible_helpers.exec_local_cmd_pipe:568] "attributes": null,
2021-11-09 21:10:24,245 INFO [teflo.ansible_helpers.exec_local_cmd_pipe:568] "backup": false,
2021-11-09 21:10:24,245 INFO [teflo.ansible_helpers.exec_local_cmd_pipe:568] "checksum": "b110a1649353a47faea2bf745de8b9614d1168a5",
2021-11-09 21:10:24,245 INFO [teflo.ansible_helpers.exec_local_cmd_pipe:568] "content": null,
2021-11-09 21:10:24,245 INFO [teflo.ansible_helpers.exec_local_cmd_pipe:568] "dest": "./script-results-3dlj7.json",
2021-11-09 21:10:24,245 INFO [teflo.ansible_helpers.exec_local_cmd_pipe:568] "directory_mode": null,
2021-11-09 21:10:24,245 INFO [teflo.ansible_helpers.exec_local_cmd_pipe:568] "follow": false,
2021-11-09 21:10:24,245 INFO [teflo.ansible_helpers.exec_local_cmd_pipe:568] "force": true,
2021-11-09 21:10:24,245 INFO [teflo.ansible_helpers.exec_local_cmd_pipe:568] "group": null,
2021-11-09 21:10:24,245 INFO [teflo.ansible_helpers.exec_local_cmd_pipe:568] "local_follow": null,
2021-11-09 21:10:24,245 INFO [teflo.ansible_helpers.exec_local_cmd_pipe:568] "mode": null,
2021-11-09 21:10:24,246 INFO [teflo.ansible_helpers.exec_local_cmd_pipe:568] "owner": null,
2021-11-09 21:10:24,246 INFO [teflo.ansible_helpers.exec_local_cmd_pipe:568] "remote_src": null,
2021-11-09 21:10:24,246 INFO [teflo.ansible_helpers.exec_local_cmd_pipe:568] "selevel": null,
2021-11-09 21:10:24,246 INFO [teflo.ansible_helpers.exec_local_cmd_pipe:568] "serole": null,
2021-11-09 21:10:24,246 INFO [teflo.ansible_helpers.exec_local_cmd_pipe:568] "setype": null,
2021-11-09 21:10:24,246 INFO [teflo.ansible_helpers.exec_local_cmd_pipe:568] "seuser": null,
2021-11-09 21:10:24,246 INFO [teflo.ansible_helpers.exec_local_cmd_pipe:568] "src": "/home/junqizhang/.ansible/tmp/ansible-tmp-1636510223.6656287-1268246-116923800861421/source",
2021-11-09 21:10:24,246 INFO [teflo.ansible_helpers.exec_local_cmd_pipe:568] "unsafe_writes": false,
2021-11-09 21:10:24,246 INFO [teflo.ansible_helpers.exec_local_cmd_pipe:568] "validate": null
2021-11-09 21:10:24,246 INFO [teflo.ansible_helpers.exec_local_cmd_pipe:568] }
2021-11-09 21:10:24,246 INFO [teflo.ansible_helpers.exec_local_cmd_pipe:568] },
2021-11-09 21:10:24,246 INFO [teflo.ansible_helpers.exec_local_cmd_pipe:568] "md5sum": "98b0c726ba90a855db7813118e24b43b",
2021-11-09 21:10:24,246 INFO [teflo.ansible_helpers.exec_local_cmd_pipe:568] "mode": "0644",
2021-11-09 21:10:24,247 INFO [teflo.ansible_helpers.exec_local_cmd_pipe:568] "owner": "junqizhang",
2021-11-09 21:10:24,247 INFO [teflo.ansible_helpers.exec_local_cmd_pipe:568] "secontext": "unconfined_u:object_r:user_home_t:s0",
2021-11-09 21:10:24,247 INFO [teflo.ansible_helpers.exec_local_cmd_pipe:568] "size": 82,
2021-11-09 21:10:24,247 INFO [teflo.ansible_helpers.exec_local_cmd_pipe:568] "src": "/home/junqizhang/.ansible/tmp/ansible-tmp-1636510223.6656287-1268246-116923800861421/source",
2021-11-09 21:10:24,247 INFO [teflo.ansible_helpers.exec_local_cmd_pipe:568] "state": "file",
2021-11-09 21:10:24,247 INFO [teflo.ansible_helpers.exec_local_cmd_pipe:568] "uid": 1000
2021-11-09 21:10:24,247 INFO [teflo.ansible_helpers.exec_local_cmd_pipe:568] }
2021-11-09 21:10:24,254 INFO [teflo.ansible_helpers.exec_local_cmd_pipe:568] META: ran handlers
2021-11-09 21:10:24,261 INFO [teflo.ansible_helpers.exec_local_cmd_pipe:568] META: ran handlers
2021-11-09 21:10:24,262 INFO [teflo.ansible_helpers.exec_local_cmd_pipe:568] 
2021-11-09 21:10:24,263 INFO [teflo.ansible_helpers.exec_local_cmd_pipe:568] PLAY RECAP *********************************************************************
2021-11-09 21:10:24,263 INFO [teflo.ansible_helpers.exec_local_cmd_pipe:568] 127.0.0.1                  : ok=5    changed=2    unreachable=0    failed=0    skipped=0    rescued=0    ignored=0
2021-11-09 21:10:24,263 INFO [teflo.ansible_helpers.exec_local_cmd_pipe:568] 
2021-11-09 21:10:24,348 INFO [teflo.orchestrators.ext.ansible_orchestrator_plugin.ansible_orchestrator_plugin.__script__:166] Successfully completed script : test.sh
2021-11-09 21:10:24,349 DEBUG [teflo.orchestrators.ext.ansible_orchestrator_plugin.ansible_orchestrator_plugin.run:206] Successful completion of orchestrate task This is an orchestrate fromsdf_remote with return value 0
2021-11-09 21:10:24,392 DEBUG [teflo.ansible_helpers.alog_update:566] The ansible log file being used is : None
2021-11-09 21:10:24,394 INFO [teflo.orchestrators.action_orchestrator.run:86] Orchestration passed : Successfully completed orchestrate action: This is an orchestrate fromsdf_remote.
2021-11-09 21:10:24,395 INFO [blaster.blast.blastoff:278] ** BLASTER COMPLETE **
2021-11-09 21:10:24,396 INFO [blaster.blast.blastoff:279]     -> TOTAL DURATION: 0h:0m:2s
2021-11-09 21:10:24,397 INFO [teflo.teflo.run_helper:542] ..................................................
2021-11-09 21:10:24,397 INFO [teflo.teflo.notify:615] Sending out any notifications that are registered.
2021-11-09 21:10:24,399 INFO [teflo.teflo._run_pipeline:702] ..................................................
2021-11-09 21:10:24,400 INFO [teflo.teflo._run_pipeline:703] Starting tasks on pipeline: notify
2021-11-09 21:10:24,400 WARNING [teflo.teflo._run_pipeline:707] ... no tasks to be executed ...
2021-11-09 21:10:24,401 INFO [teflo.teflo.run_helper:503] ..................................................
2021-11-09 21:10:24,401 INFO [teflo.teflo.run_helper:504] [32m'sdf using remote include' is running from the scenario file: sdf_library3.yml[0m
2021-11-09 21:10:24,402 INFO [teflo.teflo.run_helper:506] ..................................................
2021-11-09 21:10:24,403 INFO [teflo.teflo.notify:615] Sending out any notifications that are registered.
2021-11-09 21:10:24,404 INFO [teflo.teflo._run_pipeline:702] ..................................................
2021-11-09 21:10:24,404 INFO [teflo.teflo._run_pipeline:703] Starting tasks on pipeline: notify
2021-11-09 21:10:24,405 WARNING [teflo.teflo._run_pipeline:707] ... no tasks to be executed ...
2021-11-09 21:10:24,405 INFO [teflo.teflo.run_helper:514]  * Task    : provision
2021-11-09 21:10:24,407 INFO [teflo.teflo._run_pipeline:702] ..................................................
2021-11-09 21:10:24,408 INFO [teflo.teflo._run_pipeline:703] Starting tasks on pipeline: provision
2021-11-09 21:10:24,409 INFO [blaster.blast.blastoff:201] --> Blaster v0.4.0 <--
2021-11-09 21:10:24,409 INFO [blaster.blast.blastoff:202] Task Execution: Concurrent
2021-11-09 21:10:24,410 INFO [blaster.blast.blastoff:213] Tasks:
2021-11-09 21:10:24,411 INFO [blaster.blast.blastoff:216] 1. Task     : from_local_parent
                                Class    : <class 'teflo.tasks.provision.ProvisionTask'>
                                Methods  : ['run']
2021-11-09 21:10:24,412 INFO [blaster.blast.blastoff:225] ** BLASTER BEGIN **
2021-11-09 21:10:24,413 DEBUG [blaster.blast.total_processes:189] Processor count: 1
2021-11-09 21:10:24,417 DEBUG [blaster.blast.run:56] Processing task: from_local_parent
2021-11-09 21:10:24,419 WARNING [teflo.tasks.provision.__init__:53] Asset from_local_parent is static, provision will be skipped.
2021-11-09 21:10:24,419 DEBUG [blaster.blast.run:74] Running method run
2021-11-09 21:10:24,423 INFO [blaster.blast.blastoff:278] ** BLASTER COMPLETE **
2021-11-09 21:10:24,424 INFO [blaster.blast.blastoff:279]     -> TOTAL DURATION: 0h:0m:0s
2021-11-09 21:10:24,425 INFO [teflo.teflo.run_helper:534] Populating inventory file with host(s) from_local_parent
2021-11-09 21:10:24,429 DEBUG [teflo.core.create_inventory:1560] Master inventory content
2021-11-09 21:10:24,430 DEBUG [teflo.core.log_inventory_content:1579] 
[localhost:children]
REMOTE_include_provisioned_host
hello_im_remote_lib_provisioned_host
from_local_parent

[REMOTE_include_provisioned_host]
127.0.0.1

[REMOTE_include_provisioned_host:vars]
ansible_connection=local

[hello_im_remote_lib_provisioned_host]
127.0.0.1

[hello_im_remote_lib_provisioned_host:vars]
ansible_connection=local

[from_local_parent]
127.0.0.1

[from_local_parent:vars]
ansible_connection=local

2021-11-09 21:10:24,430 INFO [teflo.teflo.run_helper:542] ..................................................
2021-11-09 21:10:24,431 INFO [teflo.teflo.run_helper:514]  * Task    : orchestrate
2021-11-09 21:10:24,432 INFO [teflo.teflo._run_pipeline:702] ..................................................
2021-11-09 21:10:24,433 INFO [teflo.teflo._run_pipeline:703] Starting tasks on pipeline: orchestrate
2021-11-09 21:10:24,433 WARNING [teflo.teflo._run_pipeline:707] ... no tasks to be executed ...
2021-11-09 21:10:24,434 INFO [teflo.teflo.run_helper:542] ..................................................
2021-11-09 21:10:24,434 INFO [teflo.teflo.notify:615] Sending out any notifications that are registered.
2021-11-09 21:10:24,436 INFO [teflo.teflo._run_pipeline:702] ..................................................
2021-11-09 21:10:24,436 INFO [teflo.teflo._run_pipeline:703] Starting tasks on pipeline: notify
2021-11-09 21:10:24,437 WARNING [teflo.teflo._run_pipeline:707] ... no tasks to be executed ...
2021-11-09 21:10:24,467 INFO [teflo.teflo._print_footer:792] 

2021-11-09 21:10:24,468 INFO [teflo.teflo._print_footer:793]                                SCENARIO RUN (END)                              
2021-11-09 21:10:24,468 INFO [teflo.teflo._print_footer:794] -------------------------------------------------------------------------------
2021-11-09 21:10:24,469 INFO [teflo.teflo._print_footer:795]  * Duration                       : 0h:0m:4s
2021-11-09 21:10:24,469 INFO [teflo.teflo._print_footer:798]  * Passed Tasks                   : ['provision', 'orchestrate']
2021-11-09 21:10:24,470 INFO [teflo.teflo._print_footer:803]  * Results Folder                 : .teflo/.results
2021-11-09 21:10:24,470 INFO [teflo.teflo._print_footer:805]  * Iterate Method                 : by_level
2021-11-09 21:10:24,471 INFO [teflo.teflo._print_footer:808]  * Scenario Definition            : sdf from sdf_remote repo
2021-11-09 21:10:24,471 INFO [teflo.teflo._print_footer:808]  * Scenario Definition            : py3_include_provision
2021-11-09 21:10:24,472 INFO [teflo.teflo._print_footer:808]  * Scenario Definition            : sdf using remote include
2021-11-09 21:10:24,473 INFO [teflo.teflo._print_footer:809]  * Final Scenario Definition      : .teflo/.results/results.yml
2021-11-09 21:10:24,473 INFO [teflo.teflo._print_footer:810] -------------------------------------------------------------------------------
2021-11-09 21:10:24,474 INFO [teflo.teflo._print_footer:811] TEFLO RUN (RESULT=PASSED)
